Resolved 125 packages in 798ms
Checked 116 packages in 262ms
[NbConvertApp] Converting notebook notebooks/team/03_geoclip_zeroshot.ipynb to notebook
Traceback (most recent call last):
  File "/zhome/b0/c/220061/Multimodal-Geo-Spatial-Learning/.venv/bin/jupyter-nbconvert", line 10, in <module>
    sys.exit(main())
             ^^^^^^
  File "/zhome/b0/c/220061/Multimodal-Geo-Spatial-Learning/.venv/lib/python3.11/site-packages/jupyter_core/application.py", line 284, in launch_instance
    super().launch_instance(argv=argv, **kwargs)
  File "/zhome/b0/c/220061/Multimodal-Geo-Spatial-Learning/.venv/lib/python3.11/site-packages/traitlets/config/application.py", line 1075, in launch_instance
    app.start()
  File "/zhome/b0/c/220061/Multimodal-Geo-Spatial-Learning/.venv/lib/python3.11/site-packages/nbconvert/nbconvertapp.py", line 420, in start
    self.convert_notebooks()
  File "/zhome/b0/c/220061/Multimodal-Geo-Spatial-Learning/.venv/lib/python3.11/site-packages/nbconvert/nbconvertapp.py", line 597, in convert_notebooks
    self.convert_single_notebook(notebook_filename)
  File "/zhome/b0/c/220061/Multimodal-Geo-Spatial-Learning/.venv/lib/python3.11/site-packages/nbconvert/nbconvertapp.py", line 563, in convert_single_notebook
    output, resources = self.export_single_notebook(
                        ^^^^^^^^^^^^^^^^^^^^^^^^^^^^
  File "/zhome/b0/c/220061/Multimodal-Geo-Spatial-Learning/.venv/lib/python3.11/site-packages/nbconvert/nbconvertapp.py", line 487, in export_single_notebook
    output, resources = self.exporter.from_filename(
                        ^^^^^^^^^^^^^^^^^^^^^^^^^^^^
  File "/zhome/b0/c/220061/Multimodal-Geo-Spatial-Learning/.venv/lib/python3.11/site-packages/nbconvert/exporters/exporter.py", line 201, in from_filename
    return self.from_file(f, resources=resources, **kw)
           ^^^^^^^^^^^^^^^^^^^^^^^^^^^^^^^^^^^^^^^^^^^^
  File "/zhome/b0/c/220061/Multimodal-Geo-Spatial-Learning/.venv/lib/python3.11/site-packages/nbconvert/exporters/exporter.py", line 220, in from_file
    return self.from_notebook_node(
           ^^^^^^^^^^^^^^^^^^^^^^^^
  File "/zhome/b0/c/220061/Multimodal-Geo-Spatial-Learning/.venv/lib/python3.11/site-packages/nbconvert/exporters/notebook.py", line 36, in from_notebook_node
    nb_copy, resources = super().from_notebook_node(nb, resources, **kw)
                         ^^^^^^^^^^^^^^^^^^^^^^^^^^^^^^^^^^^^^^^^^^^^^^^
  File "/zhome/b0/c/220061/Multimodal-Geo-Spatial-Learning/.venv/lib/python3.11/site-packages/nbconvert/exporters/exporter.py", line 154, in from_notebook_node
    nb_copy, resources = self._preprocess(nb_copy, resources)
                         ^^^^^^^^^^^^^^^^^^^^^^^^^^^^^^^^^^^^
  File "/zhome/b0/c/220061/Multimodal-Geo-Spatial-Learning/.venv/lib/python3.11/site-packages/nbconvert/exporters/exporter.py", line 353, in _preprocess
    nbc, resc = preprocessor(nbc, resc)
                ^^^^^^^^^^^^^^^^^^^^^^^
  File "/zhome/b0/c/220061/Multimodal-Geo-Spatial-Learning/.venv/lib/python3.11/site-packages/nbconvert/preprocessors/base.py", line 48, in __call__
    return self.preprocess(nb, resources)
           ^^^^^^^^^^^^^^^^^^^^^^^^^^^^^^
  File "/zhome/b0/c/220061/Multimodal-Geo-Spatial-Learning/.venv/lib/python3.11/site-packages/nbconvert/preprocessors/execute.py", line 103, in preprocess
    self.preprocess_cell(cell, resources, index)
  File "/zhome/b0/c/220061/Multimodal-Geo-Spatial-Learning/.venv/lib/python3.11/site-packages/nbconvert/preprocessors/execute.py", line 124, in preprocess_cell
    cell = self.execute_cell(cell, index, store_history=True)
           ^^^^^^^^^^^^^^^^^^^^^^^^^^^^^^^^^^^^^^^^^^^^^^^^^^
  File "/zhome/b0/c/220061/Multimodal-Geo-Spatial-Learning/.venv/lib/python3.11/site-packages/jupyter_core/utils/__init__.py", line 165, in wrapped
    return loop.run_until_complete(inner)
           ^^^^^^^^^^^^^^^^^^^^^^^^^^^^^^
  File "/zhome/b0/c/220061/.local/share/uv/python/cpython-3.11.15-linux-x86_64-gnu/lib/python3.11/asyncio/base_events.py", line 654, in run_until_complete
    return future.result()
           ^^^^^^^^^^^^^^^
  File "/zhome/b0/c/220061/Multimodal-Geo-Spatial-Learning/.venv/lib/python3.11/site-packages/nbclient/client.py", line 1062, in async_execute_cell
    await self._check_raise_for_error(cell, cell_index, exec_reply)
  File "/zhome/b0/c/220061/Multimodal-Geo-Spatial-Learning/.venv/lib/python3.11/site-packages/nbclient/client.py", line 918, in _check_raise_for_error
    raise CellExecutionError.from_cell_and_msg(cell, exec_reply_content)
nbclient.exceptions.CellExecutionError: An error occurred while executing the following cell:
------------------
gallery_coords = load_gallery_coords(DATA_ROOT, source=cfg["gallery"]["source"])
print(f"Gallery size: {len(gallery_coords):,} GPS points")
print(f"Lat range: [{gallery_coords[:, 0].min():.2f}, {gallery_coords[:, 0].max():.2f}]")
print(f"Lon range: [{gallery_coords[:, 1].min():.2f}, {gallery_coords[:, 1].max():.2f}]")

baseline.build_gallery(gallery_coords)
print("Gallery embeddings computed.")

------------------


[31m---------------------------------------------------------------------------[39m
[31mNameError[39m                                 Traceback (most recent call last)
[36mCell[39m[36m [39m[32mIn[3][39m[32m, line 1[39m
[32m----> [39m[32m1[39m gallery_coords = [43mload_gallery_coords[49m[43m([49m[43mDATA_ROOT[49m[43m,[49m[43m [49m[43msource[49m[43m=[49m[43mcfg[49m[43m[[49m[33;43m"[39;49m[33;43mgallery[39;49m[33;43m"[39;49m[43m][49m[43m[[49m[33;43m"[39;49m[33;43msource[39;49m[33;43m"[39;49m[43m][49m[43m)[49m
[32m      2[39m [38;5;28mprint[39m([33mf[39m[33m"[39m[33mGallery size: [39m[38;5;132;01m{[39;00m[38;5;28mlen[39m(gallery_coords)[38;5;132;01m:[39;00m[33m,[39m[38;5;132;01m}[39;00m[33m GPS points[39m[33m"[39m)
[32m      3[39m [38;5;28mprint[39m([33mf[39m[33m"[39m[33mLat range: [[39m[38;5;132;01m{[39;00mgallery_coords[:,[38;5;250m [39m[32m0[39m].min()[38;5;132;01m:[39;00m[33m.2f[39m[38;5;132;01m}[39;00m[33m, [39m[38;5;132;01m{[39;00mgallery_coords[:,[38;5;250m [39m[32m0[39m].max()[38;5;132;01m:[39;00m[33m.2f[39m[38;5;132;01m}[39;00m[33m][39m[33m"[39m)

[36mFile [39m[32m~/Multimodal-Geo-Spatial-Learning/src/mmgeo/geolocalizations/geoclip/geoclip_baseline.py:112[39m, in [36mload_gallery_coords[39m[34m(data_root, source)[39m
[32m    110[39m     [38;5;28;01mreturn[39;00m _load(_TRAIN_CSV)
[32m    111[39m [38;5;28;01mif[39;00m source == [33m"[39m[33mindex[39m[33m"[39m:
[32m--> [39m[32m112[39m     [38;5;28;01mreturn[39;00m _load([43ma[49m)
[32m    113[39m [38;5;28;01mif[39;00m source == [33m"[39m[33mboth[39m[33m"[39m:
[32m    114[39m     [38;5;28;01mreturn[39;00m np.concatenate([_load(_TRAIN_CSV), _load(_INDEX_CSV)], axis=[32m0[39m)

[31mNameError[39m: name 'a' is not defined

