Job started at Sun Apr 19 21:59:44 CEST 2026
Running on n-62-20-4
Sun Apr 19 21:59:44 2026       
+-----------------------------------------------------------------------------------------+
| NVIDIA-SMI 580.126.20             Driver Version: 580.126.20     CUDA Version: 13.0     |
+-----------------------------------------+------------------------+----------------------+
| GPU  Name                 Persistence-M | Bus-Id          Disp.A | Volatile Uncorr. ECC |
| Fan  Temp   Perf          Pwr:Usage/Cap |           Memory-Usage | GPU-Util  Compute M. |
|                                         |                        |               MIG M. |
|=========================================+========================+======================|
|   0  Tesla V100-PCIE-16GB           On  |   00000000:37:00.0 Off |                    0 |
| N/A   47C    P0             35W /  250W |       0MiB /  16384MiB |      0%   E. Process |
|                                         |                        |                  N/A |
+-----------------------------------------+------------------------+----------------------+

+-----------------------------------------------------------------------------------------+
| Processes:                                                                              |
|  GPU   GI   CI              PID   Type   Process name                        GPU Memory |
|        ID   ID                                                               Usage      |
|=========================================================================================|
|  No running processes found                                                             |
+-----------------------------------------------------------------------------------------+
Device: cuda
[MMLCrossViewDataset] split=train, landmarks=17557, ground_imgs=310661, sat_imgs=186574

[HardNeg] Precomputing GPS neighbors (k=64)...
[HardNeg] GPS neighbor table: (17557, 64)
[HardNeg] iters_per_epoch=274
[MMLCrossViewDataset] split=train, landmarks=17557, ground_imgs=310661, sat_imgs=186574
[CrossViewModel] backbone=convnext_tiny.fb_in22k, feature_dim=768, embed_dim=768, params=27.8M
[RunLogger] run dir: checkpoints/crossview/cv_v2_20260419_220021

Starting training: 20 epochs, batch_size=64
Backbone: convnext_tiny.fb_in22k, LR: 0.0001
============================================================

[HardNeg] Epoch 1: phase=gps
Epoch   1/20 | loss=3.8865 | diag=0.1537 | offdiag=0.0993 | margin=0.0544 | acc=0.070 | temp=0.0701 | lr=0.000055 | time=250.6s
[MMLImageDataset] split=query, modality=ground, images=18688, landmarks=1000
[MMLImageDataset] split=query, modality=satellite, images=1000, landmarks=1000
[MMLImageDataset] split=index, modality=satellite, images=99539, landmarks=99539
[Eval] gallery satellite: query=1000 + index=99539 = 100539

============================================================
Evaluating G2S retrieval
============================================================
Embedding queries...
  → 18688 query embeddings, 1000 unique landmarks
Embedding index...
  → 100539 index embeddings, 1001 unique landmarks
Computing metrics...
  recall@1: 0.0038 (0.38%)
  recall@5: 0.0135 (1.35%)
  recall@10: 0.0261 (2.61%)
  map@1000: 0.0127 (1.27%)
[MMLImageDataset] split=query, modality=satellite, images=1000, landmarks=1000
[MMLImageDataset] split=query, modality=ground, images=18688, landmarks=1000
[MMLImageDataset] split=index, modality=ground, images=714554, landmarks=714554
[Eval] gallery ground: query=18688 + index=714554 = 733242

============================================================
Evaluating S2G retrieval
============================================================
Embedding queries...
  → 1000 query embeddings, 1000 unique landmarks
Embedding index...
  → 733242 index embeddings, 1001 unique landmarks
Computing metrics...
  recall@1: 0.0030 (0.30%)
  recall@5: 0.0090 (0.90%)
  recall@10: 0.0180 (1.80%)
  map@1000: 0.0014 (0.14%)
  → New best! g2s_recall@1=0.0038, saved to checkpoints/crossview/cv_v2_20260419_220021/best.pt
[HardNeg] Epoch 2: phase=gps
Epoch   2/20 | loss=3.3976 | diag=0.3403 | offdiag=0.2097 | margin=0.1305 | acc=0.139 | temp=0.0703 | lr=0.000100 | time=244.8s
[MMLImageDataset] split=query, modality=ground, images=18688, landmarks=1000
[MMLImageDataset] split=query, modality=satellite, images=1000, landmarks=1000
[MMLImageDataset] split=index, modality=satellite, images=99539, landmarks=99539
[Eval] gallery satellite: query=1000 + index=99539 = 100539

============================================================
Evaluating G2S retrieval
============================================================
Embedding queries...
  → 18688 query embeddings, 1000 unique landmarks
Embedding index...
  → 100539 index embeddings, 1001 unique landmarks
Computing metrics...
  recall@1: 0.0109 (1.09%)
  recall@5: 0.0349 (3.49%)
  recall@10: 0.0554 (5.54%)
  map@1000: 0.0277 (2.77%)
[MMLImageDataset] split=query, modality=satellite, images=1000, landmarks=1000
[MMLImageDataset] split=query, modality=ground, images=18688, landmarks=1000
[MMLImageDataset] split=index, modality=ground, images=714554, landmarks=714554
[Eval] gallery ground: query=18688 + index=714554 = 733242

============================================================
Evaluating S2G retrieval
============================================================
Embedding queries...
  → 1000 query embeddings, 1000 unique landmarks
Embedding index...
  → 733242 index embeddings, 1001 unique landmarks
Computing metrics...
  recall@1: 0.0010 (0.10%)
  recall@5: 0.0140 (1.40%)
  recall@10: 0.0180 (1.80%)
  map@1000: 0.0022 (0.22%)
  → New best! g2s_recall@1=0.0109, saved to checkpoints/crossview/cv_v2_20260419_220021/best.pt
[HardNeg] Epoch 3: phase=gps
Epoch   3/20 | loss=3.0800 | diag=0.3956 | offdiag=0.2081 | margin=0.1874 | acc=0.193 | temp=0.0702 | lr=0.000099 | time=244.7s
[MMLImageDataset] split=query, modality=ground, images=18688, landmarks=1000
[MMLImageDataset] split=query, modality=satellite, images=1000, landmarks=1000
[MMLImageDataset] split=index, modality=satellite, images=99539, landmarks=99539
[Eval] gallery satellite: query=1000 + index=99539 = 100539

============================================================
Evaluating G2S retrieval
============================================================
Embedding queries...
  → 18688 query embeddings, 1000 unique landmarks
Embedding index...
  → 100539 index embeddings, 1001 unique landmarks
Computing metrics...
  recall@1: 0.0178 (1.78%)
  recall@5: 0.0530 (5.30%)
  recall@10: 0.0859 (8.59%)
  map@1000: 0.0416 (4.16%)
[MMLImageDataset] split=query, modality=satellite, images=1000, landmarks=1000
[MMLImageDataset] split=query, modality=ground, images=18688, landmarks=1000
[MMLImageDataset] split=index, modality=ground, images=714554, landmarks=714554
[Eval] gallery ground: query=18688 + index=714554 = 733242

============================================================
Evaluating S2G retrieval
============================================================
Embedding queries...
  → 1000 query embeddings, 1000 unique landmarks
Embedding index...
  → 733242 index embeddings, 1001 unique landmarks
Computing metrics...
  recall@1: 0.0070 (0.70%)
  recall@5: 0.0160 (1.60%)
  recall@10: 0.0220 (2.20%)
  map@1000: 0.0036 (0.36%)
  → New best! g2s_recall@1=0.0178, saved to checkpoints/crossview/cv_v2_20260419_220021/best.pt
[HardNeg] Rebuilding DSS neighbor table (epoch 4)...
[HardNeg] DSS neighbor table: (17557, 64)
[HardNeg] Epoch 4: phase=dss
Epoch   4/20 | loss=3.1314 | diag=0.4484 | offdiag=0.2597 | margin=0.1887 | acc=0.201 | temp=0.0702 | lr=0.000097 | time=377.8s
[MMLImageDataset] split=query, modality=ground, images=18688, landmarks=1000
[MMLImageDataset] split=query, modality=satellite, images=1000, landmarks=1000
[MMLImageDataset] split=index, modality=satellite, images=99539, landmarks=99539
[Eval] gallery satellite: query=1000 + index=99539 = 100539

============================================================
Evaluating G2S retrieval
============================================================
Embedding queries...
  → 18688 query embeddings, 1000 unique landmarks
Embedding index...
  → 100539 index embeddings, 1001 unique landmarks
Computing metrics...
  recall@1: 0.0203 (2.03%)
  recall@5: 0.0657 (6.57%)
  recall@10: 0.1002 (10.02%)
  map@1000: 0.0480 (4.80%)
[MMLImageDataset] split=query, modality=satellite, images=1000, landmarks=1000
[MMLImageDataset] split=query, modality=ground, images=18688, landmarks=1000
[MMLImageDataset] split=index, modality=ground, images=714554, landmarks=714554
[Eval] gallery ground: query=18688 + index=714554 = 733242

============================================================
Evaluating S2G retrieval
============================================================
Embedding queries...
  → 1000 query embeddings, 1000 unique landmarks
Embedding index...
  → 733242 index embeddings, 1001 unique landmarks
Computing metrics...
  recall@1: 0.0060 (0.60%)
  recall@5: 0.0270 (2.70%)
  recall@10: 0.0430 (4.30%)
  map@1000: 0.0052 (0.52%)
  → New best! g2s_recall@1=0.0203, saved to checkpoints/crossview/cv_v2_20260419_220021/best.pt
[HardNeg] Rebuilding DSS neighbor table (epoch 5)...
[HardNeg] DSS neighbor table: (17557, 64)
[HardNeg] Epoch 5: phase=dss
Epoch   5/20 | loss=3.0237 | diag=0.4520 | offdiag=0.2456 | margin=0.2064 | acc=0.227 | temp=0.0699 | lr=0.000093 | time=380.1s
[MMLImageDataset] split=query, modality=ground, images=18688, landmarks=1000
[MMLImageDataset] split=query, modality=satellite, images=1000, landmarks=1000
[MMLImageDataset] split=index, modality=satellite, images=99539, landmarks=99539
[Eval] gallery satellite: query=1000 + index=99539 = 100539

============================================================
Evaluating G2S retrieval
============================================================
Embedding queries...
  → 18688 query embeddings, 1000 unique landmarks
Embedding index...
  → 100539 index embeddings, 1001 unique landmarks
Computing metrics...
  recall@1: 0.0203 (2.03%)
  recall@5: 0.0694 (6.94%)
  recall@10: 0.1110 (11.10%)
  map@1000: 0.0499 (4.99%)
[MMLImageDataset] split=query, modality=satellite, images=1000, landmarks=1000
[MMLImageDataset] split=query, modality=ground, images=18688, landmarks=1000
[MMLImageDataset] split=index, modality=ground, images=714554, landmarks=714554
[Eval] gallery ground: query=18688 + index=714554 = 733242

============================================================
Evaluating S2G retrieval
============================================================
Embedding queries...
  → 1000 query embeddings, 1000 unique landmarks
Embedding index...
  → 733242 index embeddings, 1001 unique landmarks
Computing metrics...
  recall@1: 0.0050 (0.50%)
  recall@5: 0.0220 (2.20%)
  recall@10: 0.0490 (4.90%)
  map@1000: 0.0053 (0.53%)
  → New best! g2s_recall@1=0.0203, saved to checkpoints/crossview/cv_v2_20260419_220021/best.pt
[HardNeg] Rebuilding DSS neighbor table (epoch 6)...
[HardNeg] DSS neighbor table: (17557, 64)
[HardNeg] Epoch 6: phase=dss
Epoch   6/20 | loss=2.9445 | diag=0.4380 | offdiag=0.2200 | margin=0.2180 | acc=0.247 | temp=0.0695 | lr=0.000088 | time=376.9s
[MMLImageDataset] split=query, modality=ground, images=18688, landmarks=1000
[MMLImageDataset] split=query, modality=satellite, images=1000, landmarks=1000
[MMLImageDataset] split=index, modality=satellite, images=99539, landmarks=99539
[Eval] gallery satellite: query=1000 + index=99539 = 100539

============================================================
Evaluating G2S retrieval
============================================================
Embedding queries...
  → 18688 query embeddings, 1000 unique landmarks
Embedding index...
  → 100539 index embeddings, 1001 unique landmarks
Computing metrics...
  recall@1: 0.0315 (3.15%)
  recall@5: 0.1007 (10.07%)
  recall@10: 0.1403 (14.03%)
  map@1000: 0.0689 (6.89%)
[MMLImageDataset] split=query, modality=satellite, images=1000, landmarks=1000
[MMLImageDataset] split=query, modality=ground, images=18688, landmarks=1000
[MMLImageDataset] split=index, modality=ground, images=714554, landmarks=714554
[Eval] gallery ground: query=18688 + index=714554 = 733242

============================================================
Evaluating S2G retrieval
============================================================
Embedding queries...
  → 1000 query embeddings, 1000 unique landmarks
Embedding index...
  → 733242 index embeddings, 1001 unique landmarks
Computing metrics...
  recall@1: 0.0110 (1.10%)
  recall@5: 0.0400 (4.00%)
  recall@10: 0.0670 (6.70%)
  map@1000: 0.0085 (0.85%)
  → New best! g2s_recall@1=0.0315, saved to checkpoints/crossview/cv_v2_20260419_220021/best.pt
[HardNeg] Rebuilding DSS neighbor table (epoch 7)...
[HardNeg] DSS neighbor table: (17557, 64)
[HardNeg] Epoch 7: phase=dss
Epoch   7/20 | loss=2.8637 | diag=0.4353 | offdiag=0.2051 | margin=0.2302 | acc=0.266 | temp=0.0689 | lr=0.000082 | time=379.0s
[MMLImageDataset] split=query, modality=ground, images=18688, landmarks=1000
[MMLImageDataset] split=query, modality=satellite, images=1000, landmarks=1000
[MMLImageDataset] split=index, modality=satellite, images=99539, landmarks=99539
[Eval] gallery satellite: query=1000 + index=99539 = 100539

============================================================
Evaluating G2S retrieval
============================================================
Embedding queries...
  → 18688 query embeddings, 1000 unique landmarks
Embedding index...
  → 100539 index embeddings, 1001 unique landmarks
Computing metrics...
  recall@1: 0.0239 (2.39%)
  recall@5: 0.0845 (8.45%)
  recall@10: 0.1228 (12.28%)
  map@1000: 0.0572 (5.72%)
[MMLImageDataset] split=query, modality=satellite, images=1000, landmarks=1000
[MMLImageDataset] split=query, modality=ground, images=18688, landmarks=1000
[MMLImageDataset] split=index, modality=ground, images=714554, landmarks=714554
[Eval] gallery ground: query=18688 + index=714554 = 733242

============================================================
Evaluating S2G retrieval
============================================================
Embedding queries...
  → 1000 query embeddings, 1000 unique landmarks
Embedding index...
  → 733242 index embeddings, 1001 unique landmarks
Computing metrics...
  recall@1: 0.0140 (1.40%)
  recall@5: 0.0280 (2.80%)
  recall@10: 0.0500 (5.00%)
  map@1000: 0.0067 (0.67%)
[HardNeg] Rebuilding DSS neighbor table (epoch 8)...
[HardNeg] DSS neighbor table: (17557, 64)
[HardNeg] Epoch 8: phase=dss
Epoch   8/20 | loss=2.7779 | diag=0.4244 | offdiag=0.1848 | margin=0.2397 | acc=0.287 | temp=0.0682 | lr=0.000075 | time=377.0s
[MMLImageDataset] split=query, modality=ground, images=18688, landmarks=1000
[MMLImageDataset] split=query, modality=satellite, images=1000, landmarks=1000
[MMLImageDataset] split=index, modality=satellite, images=99539, landmarks=99539
[Eval] gallery satellite: query=1000 + index=99539 = 100539

============================================================
Evaluating G2S retrieval
============================================================
Embedding queries...
  → 18688 query embeddings, 1000 unique landmarks
Embedding index...
  → 100539 index embeddings, 1001 unique landmarks
Computing metrics...
  recall@1: 0.0304 (3.04%)
  recall@5: 0.0930 (9.30%)
  recall@10: 0.1325 (13.25%)
  map@1000: 0.0658 (6.58%)
[MMLImageDataset] split=query, modality=satellite, images=1000, landmarks=1000
[MMLImageDataset] split=query, modality=ground, images=18688, landmarks=1000
[MMLImageDataset] split=index, modality=ground, images=714554, landmarks=714554
[Eval] gallery ground: query=18688 + index=714554 = 733242

============================================================
Evaluating S2G retrieval
============================================================
Embedding queries...
  → 1000 query embeddings, 1000 unique landmarks
Embedding index...
  → 733242 index embeddings, 1001 unique landmarks
Computing metrics...
  recall@1: 0.0070 (0.70%)
  recall@5: 0.0280 (2.80%)
  recall@10: 0.0650 (6.50%)
  map@1000: 0.0070 (0.70%)
[HardNeg] Rebuilding DSS neighbor table (epoch 9)...
[HardNeg] DSS neighbor table: (17557, 64)
[HardNeg] Epoch 9: phase=dss
Epoch   9/20 | loss=2.7281 | diag=0.4262 | offdiag=0.1783 | margin=0.2479 | acc=0.301 | temp=0.0675 | lr=0.000067 | time=379.5s
[MMLImageDataset] split=query, modality=ground, images=18688, landmarks=1000
[MMLImageDataset] split=query, modality=satellite, images=1000, landmarks=1000
[MMLImageDataset] split=index, modality=satellite, images=99539, landmarks=99539
[Eval] gallery satellite: query=1000 + index=99539 = 100539

============================================================
Evaluating G2S retrieval
============================================================
Embedding queries...
  → 18688 query embeddings, 1000 unique landmarks
Embedding index...
  → 100539 index embeddings, 1001 unique landmarks
Computing metrics...
  recall@1: 0.0338 (3.38%)
  recall@5: 0.1008 (10.08%)
  recall@10: 0.1453 (14.53%)
  map@1000: 0.0714 (7.14%)
[MMLImageDataset] split=query, modality=satellite, images=1000, landmarks=1000
[MMLImageDataset] split=query, modality=ground, images=18688, landmarks=1000
[MMLImageDataset] split=index, modality=ground, images=714554, landmarks=714554
[Eval] gallery ground: query=18688 + index=714554 = 733242

============================================================
Evaluating S2G retrieval
============================================================
Embedding queries...
  → 1000 query embeddings, 1000 unique landmarks
Embedding index...
  → 733242 index embeddings, 1001 unique landmarks
Computing metrics...
  recall@1: 0.0110 (1.10%)
  recall@5: 0.0610 (6.10%)
  recall@10: 0.0840 (8.40%)
  map@1000: 0.0099 (0.99%)
  → New best! g2s_recall@1=0.0338, saved to checkpoints/crossview/cv_v2_20260419_220021/best.pt
[HardNeg] Rebuilding DSS neighbor table (epoch 10)...
[HardNeg] DSS neighbor table: (17557, 64)
[HardNeg] Epoch 10: phase=dss
Epoch  10/20 | loss=2.6568 | diag=0.4157 | offdiag=0.1620 | margin=0.2538 | acc=0.315 | temp=0.0667 | lr=0.000059 | time=378.0s
[MMLImageDataset] split=query, modality=ground, images=18688, landmarks=1000
[MMLImageDataset] split=query, modality=satellite, images=1000, landmarks=1000
[MMLImageDataset] split=index, modality=satellite, images=99539, landmarks=99539
[Eval] gallery satellite: query=1000 + index=99539 = 100539

============================================================
Evaluating G2S retrieval
============================================================
Embedding queries...
  → 18688 query embeddings, 1000 unique landmarks
Embedding index...
  → 100539 index embeddings, 1001 unique landmarks
Computing metrics...
  recall@1: 0.0326 (3.26%)
  recall@5: 0.1027 (10.27%)
  recall@10: 0.1478 (14.78%)
  map@1000: 0.0714 (7.14%)
[MMLImageDataset] split=query, modality=satellite, images=1000, landmarks=1000
[MMLImageDataset] split=query, modality=ground, images=18688, landmarks=1000
[MMLImageDataset] split=index, modality=ground, images=714554, landmarks=714554
[Eval] gallery ground: query=18688 + index=714554 = 733242

============================================================
Evaluating S2G retrieval
============================================================
Embedding queries...
  → 1000 query embeddings, 1000 unique landmarks
Embedding index...
  → 733242 index embeddings, 1001 unique landmarks
Computing metrics...
  recall@1: 0.0120 (1.20%)
  recall@5: 0.0470 (4.70%)
  recall@10: 0.0870 (8.70%)
  map@1000: 0.0091 (0.91%)
[HardNeg] Rebuilding DSS neighbor table (epoch 11)...
[HardNeg] DSS neighbor table: (17557, 64)
[HardNeg] Epoch 11: phase=dss
Epoch  11/20 | loss=2.6012 | diag=0.4040 | offdiag=0.1474 | margin=0.2566 | acc=0.333 | temp=0.0660 | lr=0.000050 | time=379.4s
[MMLImageDataset] split=query, modality=ground, images=18688, landmarks=1000
[MMLImageDataset] split=query, modality=satellite, images=1000, landmarks=1000
[MMLImageDataset] split=index, modality=satellite, images=99539, landmarks=99539
[Eval] gallery satellite: query=1000 + index=99539 = 100539

============================================================
Evaluating G2S retrieval
============================================================
Embedding queries...
  → 18688 query embeddings, 1000 unique landmarks
Embedding index...
  → 100539 index embeddings, 1001 unique landmarks
Computing metrics...
  recall@1: 0.0347 (3.47%)
  recall@5: 0.1012 (10.12%)
  recall@10: 0.1482 (14.82%)
  map@1000: 0.0728 (7.28%)
[MMLImageDataset] split=query, modality=satellite, images=1000, landmarks=1000
[MMLImageDataset] split=query, modality=ground, images=18688, landmarks=1000
[MMLImageDataset] split=index, modality=ground, images=714554, landmarks=714554
[Eval] gallery ground: query=18688 + index=714554 = 733242

============================================================
Evaluating S2G retrieval
============================================================
Embedding queries...
  → 1000 query embeddings, 1000 unique landmarks
Embedding index...
  → 733242 index embeddings, 1001 unique landmarks
Computing metrics...
  recall@1: 0.0140 (1.40%)
  recall@5: 0.0600 (6.00%)
  recall@10: 0.0900 (9.00%)
  map@1000: 0.0096 (0.96%)
  → New best! g2s_recall@1=0.0347, saved to checkpoints/crossview/cv_v2_20260419_220021/best.pt
[HardNeg] Rebuilding DSS neighbor table (epoch 12)...
[HardNeg] DSS neighbor table: (17557, 64)
[HardNeg] Epoch 12: phase=dss
Epoch  12/20 | loss=2.5115 | diag=0.4034 | offdiag=0.1375 | margin=0.2659 | acc=0.352 | temp=0.0653 | lr=0.000042 | time=379.6s
[MMLImageDataset] split=query, modality=ground, images=18688, landmarks=1000
[MMLImageDataset] split=query, modality=satellite, images=1000, landmarks=1000
[MMLImageDataset] split=index, modality=satellite, images=99539, landmarks=99539
[Eval] gallery satellite: query=1000 + index=99539 = 100539

============================================================
Evaluating G2S retrieval
============================================================
Embedding queries...
  → 18688 query embeddings, 1000 unique landmarks
Embedding index...
  → 100539 index embeddings, 1001 unique landmarks
Computing metrics...
  recall@1: 0.0380 (3.80%)
  recall@5: 0.1101 (11.01%)
  recall@10: 0.1576 (15.76%)
  map@1000: 0.0775 (7.75%)
[MMLImageDataset] split=query, modality=satellite, images=1000, landmarks=1000
[MMLImageDataset] split=query, modality=ground, images=18688, landmarks=1000
[MMLImageDataset] split=index, modality=ground, images=714554, landmarks=714554
[Eval] gallery ground: query=18688 + index=714554 = 733242

============================================================
Evaluating S2G retrieval
============================================================
Embedding queries...
  → 1000 query embeddings, 1000 unique landmarks
Embedding index...
  → 733242 index embeddings, 1001 unique landmarks
Computing metrics...
  recall@1: 0.0230 (2.30%)
  recall@5: 0.0660 (6.60%)
  recall@10: 0.0980 (9.80%)
  map@1000: 0.0121 (1.21%)
  → New best! g2s_recall@1=0.0380, saved to checkpoints/crossview/cv_v2_20260419_220021/best.pt
[HardNeg] Rebuilding DSS neighbor table (epoch 13)...
[HardNeg] DSS neighbor table: (17557, 64)
[HardNeg] Epoch 13: phase=dss
Epoch  13/20 | loss=2.4826 | diag=0.4027 | offdiag=0.1341 | margin=0.2686 | acc=0.362 | temp=0.0647 | lr=0.000034 | time=379.7s
[MMLImageDataset] split=query, modality=ground, images=18688, landmarks=1000
[MMLImageDataset] split=query, modality=satellite, images=1000, landmarks=1000
[MMLImageDataset] split=index, modality=satellite, images=99539, landmarks=99539
[Eval] gallery satellite: query=1000 + index=99539 = 100539

============================================================
Evaluating G2S retrieval
============================================================
Embedding queries...
  → 18688 query embeddings, 1000 unique landmarks
Embedding index...
  → 100539 index embeddings, 1001 unique landmarks
Computing metrics...
  recall@1: 0.0368 (3.68%)
  recall@5: 0.1108 (11.08%)
  recall@10: 0.1589 (15.89%)
  map@1000: 0.0777 (7.77%)
[MMLImageDataset] split=query, modality=satellite, images=1000, landmarks=1000
[MMLImageDataset] split=query, modality=ground, images=18688, landmarks=1000
[MMLImageDataset] split=index, modality=ground, images=714554, landmarks=714554
[Eval] gallery ground: query=18688 + index=714554 = 733242

============================================================
Evaluating S2G retrieval
============================================================
Embedding queries...
  → 1000 query embeddings, 1000 unique landmarks
Embedding index...
  → 733242 index embeddings, 1001 unique landmarks
Computing metrics...
  recall@1: 0.0210 (2.10%)
  recall@5: 0.0650 (6.50%)
  recall@10: 0.1010 (10.10%)
  map@1000: 0.0130 (1.30%)
[HardNeg] Rebuilding DSS neighbor table (epoch 14)...
[HardNeg] DSS neighbor table: (17557, 64)
[HardNeg] Epoch 14: phase=dss
Epoch  14/20 | loss=2.4249 | diag=0.4081 | offdiag=0.1330 | margin=0.2752 | acc=0.380 | temp=0.0643 | lr=0.000026 | time=380.0s
[MMLImageDataset] split=query, modality=ground, images=18688, landmarks=1000
[MMLImageDataset] split=query, modality=satellite, images=1000, landmarks=1000
[MMLImageDataset] split=index, modality=satellite, images=99539, landmarks=99539
[Eval] gallery satellite: query=1000 + index=99539 = 100539

============================================================
Evaluating G2S retrieval
============================================================
Embedding queries...
  → 18688 query embeddings, 1000 unique landmarks
Embedding index...
  → 100539 index embeddings, 1001 unique landmarks
Computing metrics...
  recall@1: 0.0407 (4.07%)
  recall@5: 0.1187 (11.87%)
  recall@10: 0.1693 (16.93%)
  map@1000: 0.0838 (8.38%)
[MMLImageDataset] split=query, modality=satellite, images=1000, landmarks=1000
[MMLImageDataset] split=query, modality=ground, images=18688, landmarks=1000
[MMLImageDataset] split=index, modality=ground, images=714554, landmarks=714554
[Eval] gallery ground: query=18688 + index=714554 = 733242

============================================================
Evaluating S2G retrieval
============================================================
Embedding queries...
  → 1000 query embeddings, 1000 unique landmarks
Embedding index...
  → 733242 index embeddings, 1001 unique landmarks
Computing metrics...
  recall@1: 0.0200 (2.00%)
  recall@5: 0.0580 (5.80%)
  recall@10: 0.0980 (9.80%)
  map@1000: 0.0123 (1.23%)
  → New best! g2s_recall@1=0.0407, saved to checkpoints/crossview/cv_v2_20260419_220021/best.pt
[HardNeg] Rebuilding DSS neighbor table (epoch 15)...
[HardNeg] DSS neighbor table: (17557, 64)
[HardNeg] Epoch 15: phase=dss
Epoch  15/20 | loss=2.3721 | diag=0.3994 | offdiag=0.1202 | margin=0.2792 | acc=0.389 | temp=0.0639 | lr=0.000019 | time=380.0s
[MMLImageDataset] split=query, modality=ground, images=18688, landmarks=1000
[MMLImageDataset] split=query, modality=satellite, images=1000, landmarks=1000
[MMLImageDataset] split=index, modality=satellite, images=99539, landmarks=99539
[Eval] gallery satellite: query=1000 + index=99539 = 100539

============================================================
Evaluating G2S retrieval
============================================================
Embedding queries...
  → 18688 query embeddings, 1000 unique landmarks
Embedding index...
  → 100539 index embeddings, 1001 unique landmarks
Computing metrics...
  recall@1: 0.0391 (3.91%)
  recall@5: 0.1153 (11.53%)
  recall@10: 0.1665 (16.65%)
  map@1000: 0.0809 (8.09%)
[MMLImageDataset] split=query, modality=satellite, images=1000, landmarks=1000
[MMLImageDataset] split=query, modality=ground, images=18688, landmarks=1000
[MMLImageDataset] split=index, modality=ground, images=714554, landmarks=714554
[Eval] gallery ground: query=18688 + index=714554 = 733242

============================================================
Evaluating S2G retrieval
============================================================
Embedding queries...
  → 1000 query embeddings, 1000 unique landmarks
Embedding index...
  → 733242 index embeddings, 1001 unique landmarks
Computing metrics...
  recall@1: 0.0220 (2.20%)
  recall@5: 0.0780 (7.80%)
  recall@10: 0.1070 (10.70%)
  map@1000: 0.0127 (1.27%)
[HardNeg] Rebuilding DSS neighbor table (epoch 16)...
[HardNeg] DSS neighbor table: (17557, 64)
[HardNeg] Epoch 16: phase=dss
Epoch  16/20 | loss=2.3348 | diag=0.4046 | offdiag=0.1203 | margin=0.2843 | acc=0.397 | temp=0.0636 | lr=0.000013 | time=379.5s
[MMLImageDataset] split=query, modality=ground, images=18688, landmarks=1000
[MMLImageDataset] split=query, modality=satellite, images=1000, landmarks=1000
[MMLImageDataset] split=index, modality=satellite, images=99539, landmarks=99539
[Eval] gallery satellite: query=1000 + index=99539 = 100539

============================================================
Evaluating G2S retrieval
============================================================
Embedding queries...
  → 18688 query embeddings, 1000 unique landmarks
Embedding index...
  → 100539 index embeddings, 1001 unique landmarks
Computing metrics...
  recall@1: 0.0399 (3.99%)
  recall@5: 0.1184 (11.84%)
  recall@10: 0.1722 (17.22%)
  map@1000: 0.0829 (8.29%)
[MMLImageDataset] split=query, modality=satellite, images=1000, landmarks=1000
[MMLImageDataset] split=query, modality=ground, images=18688, landmarks=1000
[MMLImageDataset] split=index, modality=ground, images=714554, landmarks=714554
[Eval] gallery ground: query=18688 + index=714554 = 733242

============================================================
Evaluating S2G retrieval
============================================================
Embedding queries...
  → 1000 query embeddings, 1000 unique landmarks
Embedding index...
  → 733242 index embeddings, 1001 unique landmarks
Computing metrics...
  recall@1: 0.0300 (3.00%)
  recall@5: 0.0760 (7.60%)
  recall@10: 0.1180 (11.80%)
  map@1000: 0.0144 (1.44%)
[HardNeg] Rebuilding DSS neighbor table (epoch 17)...
[HardNeg] DSS neighbor table: (17557, 64)
[HardNeg] Epoch 17: phase=dss
Epoch  17/20 | loss=2.3290 | diag=0.4013 | offdiag=0.1177 | margin=0.2837 | acc=0.401 | temp=0.0634 | lr=0.000008 | time=379.5s
[MMLImageDataset] split=query, modality=ground, images=18688, landmarks=1000
[MMLImageDataset] split=query, modality=satellite, images=1000, landmarks=1000
[MMLImageDataset] split=index, modality=satellite, images=99539, landmarks=99539
[Eval] gallery satellite: query=1000 + index=99539 = 100539

============================================================
Evaluating G2S retrieval
============================================================
Embedding queries...
  → 18688 query embeddings, 1000 unique landmarks
Embedding index...
  → 100539 index embeddings, 1001 unique landmarks
Computing metrics...
  recall@1: 0.0414 (4.14%)
  recall@5: 0.1251 (12.51%)
  recall@10: 0.1814 (18.14%)
  map@1000: 0.0872 (8.72%)
[MMLImageDataset] split=query, modality=satellite, images=1000, landmarks=1000
[MMLImageDataset] split=query, modality=ground, images=18688, landmarks=1000
[MMLImageDataset] split=index, modality=ground, images=714554, landmarks=714554
[Eval] gallery ground: query=18688 + index=714554 = 733242

============================================================
Evaluating S2G retrieval
============================================================
Embedding queries...
  → 1000 query embeddings, 1000 unique landmarks
Embedding index...
  → 733242 index embeddings, 1001 unique landmarks
Computing metrics...
  recall@1: 0.0270 (2.70%)
  recall@5: 0.0740 (7.40%)
  recall@10: 0.1110 (11.10%)
  map@1000: 0.0148 (1.48%)
  → New best! g2s_recall@1=0.0414, saved to checkpoints/crossview/cv_v2_20260419_220021/best.pt
[HardNeg] Rebuilding DSS neighbor table (epoch 18)...
[HardNeg] DSS neighbor table: (17557, 64)
[HardNeg] Epoch 18: phase=dss
Epoch  18/20 | loss=2.2760 | diag=0.4044 | offdiag=0.1154 | margin=0.2890 | acc=0.411 | temp=0.0633 | lr=0.000004 | time=379.3s
[MMLImageDataset] split=query, modality=ground, images=18688, landmarks=1000
[MMLImageDataset] split=query, modality=satellite, images=1000, landmarks=1000
[MMLImageDataset] split=index, modality=satellite, images=99539, landmarks=99539
[Eval] gallery satellite: query=1000 + index=99539 = 100539

============================================================
Evaluating G2S retrieval
============================================================
Embedding queries...
  → 18688 query embeddings, 1000 unique landmarks
Embedding index...
  → 100539 index embeddings, 1001 unique landmarks
Computing metrics...
  recall@1: 0.0413 (4.13%)
  recall@5: 0.1241 (12.41%)
  recall@10: 0.1772 (17.72%)
  map@1000: 0.0862 (8.62%)
[MMLImageDataset] split=query, modality=satellite, images=1000, landmarks=1000
[MMLImageDataset] split=query, modality=ground, images=18688, landmarks=1000
[MMLImageDataset] split=index, modality=ground, images=714554, landmarks=714554
[Eval] gallery ground: query=18688 + index=714554 = 733242

============================================================
Evaluating S2G retrieval
============================================================
Embedding queries...
  → 1000 query embeddings, 1000 unique landmarks
Embedding index...
  → 733242 index embeddings, 1001 unique landmarks
Computing metrics...
  recall@1: 0.0280 (2.80%)
  recall@5: 0.0770 (7.70%)
  recall@10: 0.1100 (11.00%)
  map@1000: 0.0148 (1.48%)
[HardNeg] Rebuilding DSS neighbor table (epoch 19)...
[HardNeg] DSS neighbor table: (17557, 64)
[HardNeg] Epoch 19: phase=dss
Epoch  19/20 | loss=2.2954 | diag=0.3967 | offdiag=0.1126 | margin=0.2841 | acc=0.411 | temp=0.0632 | lr=0.000002 | time=379.6s
[MMLImageDataset] split=query, modality=ground, images=18688, landmarks=1000
[MMLImageDataset] split=query, modality=satellite, images=1000, landmarks=1000
[MMLImageDataset] split=index, modality=satellite, images=99539, landmarks=99539
[Eval] gallery satellite: query=1000 + index=99539 = 100539

============================================================
Evaluating G2S retrieval
============================================================
Embedding queries...
  → 18688 query embeddings, 1000 unique landmarks
Embedding index...
  → 100539 index embeddings, 1001 unique landmarks
Computing metrics...
  recall@1: 0.0422 (4.22%)
  recall@5: 0.1267 (12.67%)
  recall@10: 0.1795 (17.95%)
  map@1000: 0.0881 (8.81%)
[MMLImageDataset] split=query, modality=satellite, images=1000, landmarks=1000
[MMLImageDataset] split=query, modality=ground, images=18688, landmarks=1000
[MMLImageDataset] split=index, modality=ground, images=714554, landmarks=714554
[Eval] gallery ground: query=18688 + index=714554 = 733242

============================================================
Evaluating S2G retrieval
============================================================
Embedding queries...
  → 1000 query embeddings, 1000 unique landmarks
Embedding index...
  → 733242 index embeddings, 1001 unique landmarks
Computing metrics...
  recall@1: 0.0290 (2.90%)
  recall@5: 0.0760 (7.60%)
  recall@10: 0.1160 (11.60%)
  map@1000: 0.0151 (1.51%)
  → New best! g2s_recall@1=0.0422, saved to checkpoints/crossview/cv_v2_20260419_220021/best.pt
[HardNeg] Rebuilding DSS neighbor table (epoch 20)...
[HardNeg] DSS neighbor table: (17557, 64)
[HardNeg] Epoch 20: phase=dss
Epoch  20/20 | loss=2.2919 | diag=0.3962 | offdiag=0.1112 | margin=0.2851 | acc=0.415 | temp=0.0632 | lr=0.000001 | time=369.1s
[MMLImageDataset] split=query, modality=ground, images=18688, landmarks=1000
[MMLImageDataset] split=query, modality=satellite, images=1000, landmarks=1000
[MMLImageDataset] split=index, modality=satellite, images=99539, landmarks=99539
[Eval] gallery satellite: query=1000 + index=99539 = 100539

============================================================
Evaluating G2S retrieval
============================================================
Embedding queries...
  → 18688 query embeddings, 1000 unique landmarks
Embedding index...
  → 100539 index embeddings, 1001 unique landmarks
Computing metrics...
  recall@1: 0.0433 (4.33%)
  recall@5: 0.1261 (12.61%)
  recall@10: 0.1779 (17.79%)
  map@1000: 0.0888 (8.88%)
[MMLImageDataset] split=query, modality=satellite, images=1000, landmarks=1000
[MMLImageDataset] split=query, modality=ground, images=18688, landmarks=1000
[MMLImageDataset] split=index, modality=ground, images=714554, landmarks=714554
[Eval] gallery ground: query=18688 + index=714554 = 733242

============================================================
Evaluating S2G retrieval
============================================================
Embedding queries...
  → 1000 query embeddings, 1000 unique landmarks
Embedding index...
  → 733242 index embeddings, 1001 unique landmarks
Computing metrics...
  recall@1: 0.0290 (2.90%)
  recall@5: 0.0770 (7.70%)
  recall@10: 0.1170 (11.70%)
  map@1000: 0.0147 (1.47%)
  → New best! g2s_recall@1=0.0433, saved to checkpoints/crossview/cv_v2_20260419_220021/best.pt
[RunLogger] finalized run: checkpoints/crossview/cv_v2_20260419_220021

Training complete. Best g2s_recall@1: 0.0433
Job finished at Mon Apr 20 09:30:16 CEST 2026

------------------------------------------------------------
Sender: LSF System <lsfadmin@hpc.dtu.dk>
Subject: Job 28238485: <crossview_train> in cluster <dcc> Done

Job <crossview_train> was submitted from host <hpclogin1> by user <s250778> in cluster <dcc> at Sun Apr 19 21:46:06 2026
Job was executed on host(s) <6*n-62-20-4>, in queue <gpuv100>, as user <s250778> in cluster <dcc> at Sun Apr 19 21:59:43 2026
</zhome/b0/c/220061> was used as the home directory.
</zhome/b0/c/220061/Multimodal-Geo-Spatial-Learning> was used as the working directory.
Started at Sun Apr 19 21:59:43 2026
Terminated at Mon Apr 20 09:30:16 2026
Results reported at Mon Apr 20 09:30:16 2026

Your job looked like:

------------------------------------------------------------
# LSBATCH: User input
#!/bin/bash
#BSUB -J crossview_train
#BSUB -q gpuv100
#BSUB -gpu "num=1:mode=exclusive_process"
#BSUB -n 6
#BSUB -R "span[hosts=1] rusage[mem=24GB]"
#BSUB -W 24:00
#BSUB -o logs/crossview_train_%J.out
#BSUB -e logs/crossview_train_%J.err

mkdir -p logs
cd ~/Multimodal-Geo-Spatial-Learning

echo "Job started at $(date)"
echo "Running on $(hostname)"
nvidia-smi

uv run python -m mmgeo.crossview.train --config configs/crossview_baseline.yaml

echo "Job finished at $(date)"
------------------------------------------------------------

Successfully completed.

Resource usage summary:

    CPU time :                                   244658.00 sec.
    Max Memory :                                 11641 MB
    Average Memory :                             9263.97 MB
    Total Requested Memory :                     147456.00 MB
    Delta Memory :                               135815.00 MB
    Max Swap :                                   -
    Max Processes :                              17
    Max Threads :                                63
    Run time :                                   41433 sec.
    Turnaround time :                            42250 sec.

The output (if any) is above this job summary.



PS:

Read file <logs/crossview_train_28238485.err> for stderr output of this job.

