Job started at Mon Apr 20 11:34:39 CEST 2026
Running on n-62-11-14
Mon Apr 20 11:34:39 2026       
+-----------------------------------------------------------------------------------------+
| NVIDIA-SMI 580.126.20             Driver Version: 580.126.20     CUDA Version: 13.0     |
+-----------------------------------------+------------------------+----------------------+
| GPU  Name                 Persistence-M | Bus-Id          Disp.A | Volatile Uncorr. ECC |
| Fan  Temp   Perf          Pwr:Usage/Cap |           Memory-Usage | GPU-Util  Compute M. |
|                                         |                        |               MIG M. |
|=========================================+========================+======================|
|   0  Tesla V100-PCIE-32GB           On  |   00000000:D8:00.0 Off |                    0 |
| N/A   32C    P0             30W /  250W |       0MiB /  32768MiB |      0%   E. Process |
|                                         |                        |                  N/A |
+-----------------------------------------+------------------------+----------------------+

+-----------------------------------------------------------------------------------------+
| Processes:                                                                              |
|  GPU   GI   CI              PID   Type   Process name                        GPU Memory |
|        ID   ID                                                               Usage      |
|=========================================================================================|
|  No running processes found                                                             |
+-----------------------------------------------------------------------------------------+
Device: cuda
[MMLCrossViewDataset] split=train, landmarks=17557, ground_imgs=310661, sat_imgs=186574

[HardNeg] Precomputing GPS neighbors (k=64)...
[HardNeg] GPS neighbor table: (17557, 64)
[HardNeg] iters_per_epoch=274
[MMLCrossViewDataset] split=train, landmarks=17557, ground_imgs=310661, sat_imgs=186574
[CrossViewModel] backbone=convnext_base.fb_in22k, feature_dim=1024, embed_dim=1024, params=87.6M
[RunLogger] run dir: checkpoints/crossview/cv_v2_base_20260420_113536

Starting training: 35 epochs, batch_size=64
Backbone: convnext_base.fb_in22k, LR: 0.0001
============================================================

[HardNeg] Epoch 1: phase=gps
Job finished at Mon Apr 20 11:36:23 CEST 2026

------------------------------------------------------------
Sender: LSF System <lsfadmin@hpc.dtu.dk>
Subject: Job 28240624: <crossview_base> in cluster <dcc> Done

Job <crossview_base> was submitted from host <hpclogin1> by user <s250778> in cluster <dcc> at Mon Apr 20 11:28:42 2026
Job was executed on host(s) <6*n-62-11-14>, in queue <gpuv100>, as user <s250778> in cluster <dcc> at Mon Apr 20 11:34:37 2026
</zhome/b0/c/220061> was used as the home directory.
</zhome/b0/c/220061/Multimodal-Geo-Spatial-Learning> was used as the working directory.
Started at Mon Apr 20 11:34:37 2026
Terminated at Mon Apr 20 11:36:23 2026
Results reported at Mon Apr 20 11:36:23 2026

Your job looked like:

------------------------------------------------------------
# LSBATCH: User input
#!/bin/bash
#BSUB -J crossview_base
#BSUB -q gpuv100
#BSUB -gpu "num=1:mode=exclusive_process"
# Require a 32GB V100 — convnext_base @ 256px does NOT fit on 16GB at batch=64.
#BSUB -R "select[gpu32gb]"
#BSUB -n 6
#BSUB -R "span[hosts=1] rusage[mem=32GB]"
#BSUB -W 24:00
#BSUB -o logs/crossview_base_%J.out
#BSUB -e logs/crossview_base_%J.err

mkdir -p logs
cd ~/Multimodal-Geo-Spatial-Learning

echo "Job started at $(date)"
echo "Running on $(hostname)"
nvidia-smi

uv run python -m mmgeo.crossview.train --config configs/crossview_convnext_base.yaml

echo "Job finished at $(date)"

------------------------------------------------------------

Successfully completed.

Resource usage summary:

    CPU time :                                   143.00 sec.
    Max Memory :                                 937 MB
    Average Memory :                             714.00 MB
    Total Requested Memory :                     196608.00 MB
    Delta Memory :                               195671.00 MB
    Max Swap :                                   -
    Max Processes :                              5
    Max Threads :                                24
    Run time :                                   106 sec.
    Turnaround time :                            461 sec.

The output (if any) is above this job summary.



PS:

Read file <logs/crossview_base_28240624.err> for stderr output of this job.

