Job started at Fri Apr 17 12:51:35 CEST 2026
Running on n-62-20-4
Fri Apr 17 12:51:35 2026       
+-----------------------------------------------------------------------------------------+
| NVIDIA-SMI 580.126.20             Driver Version: 580.126.20     CUDA Version: 13.0     |
+-----------------------------------------+------------------------+----------------------+
| GPU  Name                 Persistence-M | Bus-Id          Disp.A | Volatile Uncorr. ECC |
| Fan  Temp   Perf          Pwr:Usage/Cap |           Memory-Usage | GPU-Util  Compute M. |
|                                         |                        |               MIG M. |
|=========================================+========================+======================|
|   0  Tesla V100-PCIE-16GB           On  |   00000000:37:00.0 Off |                    0 |
| N/A   36C    P0             26W /  250W |       0MiB /  16384MiB |      0%   E. Process |
|                                         |                        |                  N/A |
+-----------------------------------------+------------------------+----------------------+

+-----------------------------------------------------------------------------------------+
| Processes:                                                                              |
|  GPU   GI   CI              PID   Type   Process name                        GPU Memory |
|        ID   ID                                                               Usage      |
|=========================================================================================|
|  No running processes found                                                             |
+-----------------------------------------------------------------------------------------+
Device: cuda
[MMLCrossViewDataset] split=train, landmarks=17557, ground_imgs=310661, sat_imgs=186574
[CrossViewModel] backbone=convnext_tiny.fb_in22k, feature_dim=768, embed_dim=768, params=27.8M

Starting training: 20 epochs, batch_size=32
Backbone: convnext_tiny.fb_in22k, LR: 0.0001
============================================================

Epoch   1/20 | loss=2.9644 | diag=0.1857 | offdiag=0.0962 | margin=0.0895 | acc=0.161 | temp=0.0701 | lr=0.000055 | time=263.1s
[MMLImageDataset] split=query, modality=ground, images=18688, landmarks=1000
[MMLImageDataset] split=query, modality=satellite, images=1000, landmarks=1000

============================================================
Evaluating G2S retrieval
============================================================
Embedding queries...
  → 18688 query embeddings, 1000 unique landmarks
Embedding index...
  → 1000 index embeddings, 1000 unique landmarks
Computing recall...
  Recall@1: 0.0230 (2.30%)
  Recall@5: 0.0837 (8.37%)
  Recall@10: 0.1378 (13.78%)
  → New best! R@1=0.0230, saved to checkpoints/crossview/best.pt
Epoch   2/20 | loss=2.4738 | diag=0.3473 | offdiag=0.1709 | margin=0.1764 | acc=0.269 | temp=0.0703 | lr=0.000100 | time=257.2s
[MMLImageDataset] split=query, modality=ground, images=18688, landmarks=1000
[MMLImageDataset] split=query, modality=satellite, images=1000, landmarks=1000

============================================================
Evaluating G2S retrieval
============================================================
Embedding queries...
  → 18688 query embeddings, 1000 unique landmarks
Embedding index...
  → 1000 index embeddings, 1000 unique landmarks
Computing recall...
  Recall@1: 0.0388 (3.88%)
  Recall@5: 0.1337 (13.37%)
  Recall@10: 0.2112 (21.12%)
  → New best! R@1=0.0388, saved to checkpoints/crossview/best.pt
Epoch   3/20 | loss=2.1933 | diag=0.3946 | offdiag=0.1674 | margin=0.2272 | acc=0.341 | temp=0.0702 | lr=0.000099 | time=256.7s
[MMLImageDataset] split=query, modality=ground, images=18688, landmarks=1000
[MMLImageDataset] split=query, modality=satellite, images=1000, landmarks=1000

============================================================
Evaluating G2S retrieval
============================================================
Embedding queries...
  → 18688 query embeddings, 1000 unique landmarks
Embedding index...
  → 1000 index embeddings, 1000 unique landmarks
Computing recall...
  Recall@1: 0.0475 (4.75%)
  Recall@5: 0.1670 (16.70%)
  Recall@10: 0.2502 (25.02%)
  → New best! R@1=0.0475, saved to checkpoints/crossview/best.pt
Epoch   4/20 | loss=2.0134 | diag=0.4150 | offdiag=0.1568 | margin=0.2582 | acc=0.388 | temp=0.0696 | lr=0.000097 | time=259.0s
[MMLImageDataset] split=query, modality=ground, images=18688, landmarks=1000
[MMLImageDataset] split=query, modality=satellite, images=1000, landmarks=1000

============================================================
Evaluating G2S retrieval
============================================================
Embedding queries...
  → 18688 query embeddings, 1000 unique landmarks
Embedding index...
  → 1000 index embeddings, 1000 unique landmarks
Computing recall...
  Recall@1: 0.0593 (5.93%)
  Recall@5: 0.1823 (18.23%)
  Recall@10: 0.2693 (26.93%)
  → New best! R@1=0.0593, saved to checkpoints/crossview/best.pt
Epoch   5/20 | loss=1.8880 | diag=0.4144 | offdiag=0.1369 | margin=0.2775 | acc=0.425 | temp=0.0689 | lr=0.000093 | time=261.2s
[MMLImageDataset] split=query, modality=ground, images=18688, landmarks=1000
[MMLImageDataset] split=query, modality=satellite, images=1000, landmarks=1000

============================================================
Evaluating G2S retrieval
============================================================
Embedding queries...
  → 18688 query embeddings, 1000 unique landmarks
Embedding index...
  → 1000 index embeddings, 1000 unique landmarks
Computing recall...
  Recall@1: 0.0616 (6.16%)
  Recall@5: 0.1952 (19.52%)
  Recall@10: 0.2887 (28.87%)
  → New best! R@1=0.0616, saved to checkpoints/crossview/best.pt
Epoch   6/20 | loss=1.7600 | diag=0.4144 | offdiag=0.1174 | margin=0.2970 | acc=0.462 | temp=0.0679 | lr=0.000088 | time=258.6s
[MMLImageDataset] split=query, modality=ground, images=18688, landmarks=1000
[MMLImageDataset] split=query, modality=satellite, images=1000, landmarks=1000

============================================================
Evaluating G2S retrieval
============================================================
Embedding queries...
  → 18688 query embeddings, 1000 unique landmarks
Embedding index...
  → 1000 index embeddings, 1000 unique landmarks
Computing recall...
  Recall@1: 0.0629 (6.29%)
  Recall@5: 0.2043 (20.43%)
  Recall@10: 0.2955 (29.55%)
  → New best! R@1=0.0629, saved to checkpoints/crossview/best.pt
Epoch   7/20 | loss=1.6594 | diag=0.4098 | offdiag=0.1014 | margin=0.3085 | acc=0.493 | temp=0.0668 | lr=0.000082 | time=257.4s
[MMLImageDataset] split=query, modality=ground, images=18688, landmarks=1000
[MMLImageDataset] split=query, modality=satellite, images=1000, landmarks=1000

============================================================
Evaluating G2S retrieval
============================================================
Embedding queries...
  → 18688 query embeddings, 1000 unique landmarks
Embedding index...
  → 1000 index embeddings, 1000 unique landmarks
Computing recall...
  Recall@1: 0.0718 (7.18%)
  Recall@5: 0.2133 (21.33%)
  Recall@10: 0.3068 (30.68%)
  → New best! R@1=0.0718, saved to checkpoints/crossview/best.pt
Epoch   8/20 | loss=1.5492 | diag=0.4112 | offdiag=0.0896 | margin=0.3216 | acc=0.528 | temp=0.0655 | lr=0.000075 | time=256.9s
[MMLImageDataset] split=query, modality=ground, images=18688, landmarks=1000
[MMLImageDataset] split=query, modality=satellite, images=1000, landmarks=1000

============================================================
Evaluating G2S retrieval
============================================================
Embedding queries...
  → 18688 query embeddings, 1000 unique landmarks
Embedding index...
  → 1000 index embeddings, 1000 unique landmarks
Computing recall...
  Recall@1: 0.0721 (7.21%)
  Recall@5: 0.2188 (21.88%)
  Recall@10: 0.3103 (31.03%)
  → New best! R@1=0.0721, saved to checkpoints/crossview/best.pt
Epoch   9/20 | loss=1.4752 | diag=0.4099 | offdiag=0.0780 | margin=0.3319 | acc=0.553 | temp=0.0644 | lr=0.000067 | time=257.3s
[MMLImageDataset] split=query, modality=ground, images=18688, landmarks=1000
[MMLImageDataset] split=query, modality=satellite, images=1000, landmarks=1000

============================================================
Evaluating G2S retrieval
============================================================
Embedding queries...
  → 18688 query embeddings, 1000 unique landmarks
Embedding index...
  → 1000 index embeddings, 1000 unique landmarks
Computing recall...
  Recall@1: 0.0751 (7.51%)
  Recall@5: 0.2333 (23.33%)
  Recall@10: 0.3291 (32.91%)
  → New best! R@1=0.0751, saved to checkpoints/crossview/best.pt
Epoch  10/20 | loss=1.3856 | diag=0.4115 | offdiag=0.0702 | margin=0.3413 | acc=0.575 | temp=0.0633 | lr=0.000059 | time=257.8s
[MMLImageDataset] split=query, modality=ground, images=18688, landmarks=1000
[MMLImageDataset] split=query, modality=satellite, images=1000, landmarks=1000

============================================================
Evaluating G2S retrieval
============================================================
Embedding queries...
  → 18688 query embeddings, 1000 unique landmarks
Embedding index...
  → 1000 index embeddings, 1000 unique landmarks
Computing recall...
  Recall@1: 0.0783 (7.83%)
  Recall@5: 0.2368 (23.68%)
  Recall@10: 0.3341 (33.41%)
  → New best! R@1=0.0783, saved to checkpoints/crossview/best.pt
Epoch  11/20 | loss=1.3091 | diag=0.4115 | offdiag=0.0636 | margin=0.3480 | acc=0.600 | temp=0.0622 | lr=0.000050 | time=256.8s
[MMLImageDataset] split=query, modality=ground, images=18688, landmarks=1000
[MMLImageDataset] split=query, modality=satellite, images=1000, landmarks=1000

============================================================
Evaluating G2S retrieval
============================================================
Embedding queries...
  → 18688 query embeddings, 1000 unique landmarks
Embedding index...
  → 1000 index embeddings, 1000 unique landmarks
Computing recall...
  Recall@1: 0.0832 (8.32%)
  Recall@5: 0.2340 (23.40%)
  Recall@10: 0.3307 (33.07%)
  → New best! R@1=0.0832, saved to checkpoints/crossview/best.pt
Epoch  12/20 | loss=1.2469 | diag=0.4096 | offdiag=0.0566 | margin=0.3531 | acc=0.617 | temp=0.0612 | lr=0.000042 | time=257.4s
[MMLImageDataset] split=query, modality=ground, images=18688, landmarks=1000
[MMLImageDataset] split=query, modality=satellite, images=1000, landmarks=1000

============================================================
Evaluating G2S retrieval
============================================================
Embedding queries...
  → 18688 query embeddings, 1000 unique landmarks
Embedding index...
  → 1000 index embeddings, 1000 unique landmarks
Computing recall...
  Recall@1: 0.0841 (8.41%)
  Recall@5: 0.2469 (24.69%)
  Recall@10: 0.3447 (34.47%)
  → New best! R@1=0.0841, saved to checkpoints/crossview/best.pt
Epoch  13/20 | loss=1.1782 | diag=0.4082 | offdiag=0.0485 | margin=0.3596 | acc=0.643 | temp=0.0603 | lr=0.000034 | time=257.0s
[MMLImageDataset] split=query, modality=ground, images=18688, landmarks=1000
[MMLImageDataset] split=query, modality=satellite, images=1000, landmarks=1000

============================================================
Evaluating G2S retrieval
============================================================
Embedding queries...
  → 18688 query embeddings, 1000 unique landmarks
Embedding index...
  → 1000 index embeddings, 1000 unique landmarks
Computing recall...
  Recall@1: 0.0866 (8.66%)
  Recall@5: 0.2521 (25.21%)
  Recall@10: 0.3524 (35.24%)
  → New best! R@1=0.0866, saved to checkpoints/crossview/best.pt
Epoch  14/20 | loss=1.1119 | diag=0.4103 | offdiag=0.0440 | margin=0.3663 | acc=0.663 | temp=0.0596 | lr=0.000026 | time=255.8s
[MMLImageDataset] split=query, modality=ground, images=18688, landmarks=1000
[MMLImageDataset] split=query, modality=satellite, images=1000, landmarks=1000

============================================================
Evaluating G2S retrieval
============================================================
Embedding queries...
  → 18688 query embeddings, 1000 unique landmarks
Embedding index...
  → 1000 index embeddings, 1000 unique landmarks
Computing recall...
  Recall@1: 0.0894 (8.94%)
  Recall@5: 0.2623 (26.23%)
  Recall@10: 0.3610 (36.10%)
  → New best! R@1=0.0894, saved to checkpoints/crossview/best.pt
Epoch  15/20 | loss=1.0815 | diag=0.4103 | offdiag=0.0407 | margin=0.3697 | acc=0.671 | temp=0.0591 | lr=0.000019 | time=257.0s
[MMLImageDataset] split=query, modality=ground, images=18688, landmarks=1000
[MMLImageDataset] split=query, modality=satellite, images=1000, landmarks=1000

============================================================
Evaluating G2S retrieval
============================================================
Embedding queries...
  → 18688 query embeddings, 1000 unique landmarks
Embedding index...
  → 1000 index embeddings, 1000 unique landmarks
Computing recall...
  Recall@1: 0.0940 (9.40%)
  Recall@5: 0.2591 (25.91%)
  Recall@10: 0.3654 (36.54%)
  → New best! R@1=0.0940, saved to checkpoints/crossview/best.pt
Epoch  16/20 | loss=1.0384 | diag=0.4130 | offdiag=0.0377 | margin=0.3752 | acc=0.684 | temp=0.0587 | lr=0.000013 | time=257.1s
[MMLImageDataset] split=query, modality=ground, images=18688, landmarks=1000
[MMLImageDataset] split=query, modality=satellite, images=1000, landmarks=1000

============================================================
Evaluating G2S retrieval
============================================================
Embedding queries...
  → 18688 query embeddings, 1000 unique landmarks
Embedding index...
  → 1000 index embeddings, 1000 unique landmarks
Computing recall...
  Recall@1: 0.0898 (8.98%)
  Recall@5: 0.2607 (26.07%)
  Recall@10: 0.3656 (36.56%)
Epoch  17/20 | loss=0.9945 | diag=0.4117 | offdiag=0.0324 | margin=0.3793 | acc=0.695 | temp=0.0584 | lr=0.000008 | time=256.1s
[MMLImageDataset] split=query, modality=ground, images=18688, landmarks=1000
[MMLImageDataset] split=query, modality=satellite, images=1000, landmarks=1000

============================================================
Evaluating G2S retrieval
============================================================
Embedding queries...
  → 18688 query embeddings, 1000 unique landmarks
Embedding index...
  → 1000 index embeddings, 1000 unique landmarks
Computing recall...
  Recall@1: 0.0917 (9.17%)
  Recall@5: 0.2663 (26.63%)
  Recall@10: 0.3733 (37.33%)
Epoch  18/20 | loss=0.9786 | diag=0.4112 | offdiag=0.0316 | margin=0.3796 | acc=0.702 | temp=0.0582 | lr=0.000004 | time=257.6s
[MMLImageDataset] split=query, modality=ground, images=18688, landmarks=1000
[MMLImageDataset] split=query, modality=satellite, images=1000, landmarks=1000

============================================================
Evaluating G2S retrieval
============================================================
Embedding queries...
  → 18688 query embeddings, 1000 unique landmarks
Embedding index...
  → 1000 index embeddings, 1000 unique landmarks
Computing recall...
  Recall@1: 0.0959 (9.59%)
  Recall@5: 0.2685 (26.85%)
  Recall@10: 0.3725 (37.25%)
  → New best! R@1=0.0959, saved to checkpoints/crossview/best.pt
Epoch  19/20 | loss=0.9614 | diag=0.4116 | offdiag=0.0292 | margin=0.3824 | acc=0.708 | temp=0.0581 | lr=0.000002 | time=257.3s
[MMLImageDataset] split=query, modality=ground, images=18688, landmarks=1000
[MMLImageDataset] split=query, modality=satellite, images=1000, landmarks=1000

============================================================
Evaluating G2S retrieval
============================================================
Embedding queries...
  → 18688 query embeddings, 1000 unique landmarks
Embedding index...
  → 1000 index embeddings, 1000 unique landmarks
Computing recall...
  Recall@1: 0.0965 (9.65%)
  Recall@5: 0.2710 (27.10%)
  Recall@10: 0.3764 (37.64%)
  → New best! R@1=0.0965, saved to checkpoints/crossview/best.pt
Epoch  20/20 | loss=0.9512 | diag=0.4124 | offdiag=0.0274 | margin=0.3850 | acc=0.709 | temp=0.0581 | lr=0.000001 | time=257.7s
[MMLImageDataset] split=query, modality=ground, images=18688, landmarks=1000
[MMLImageDataset] split=query, modality=satellite, images=1000, landmarks=1000

============================================================
Evaluating G2S retrieval
============================================================
Embedding queries...
  → 18688 query embeddings, 1000 unique landmarks
Embedding index...
  → 1000 index embeddings, 1000 unique landmarks
Computing recall...
  Recall@1: 0.0973 (9.73%)
  Recall@5: 0.2711 (27.11%)
  Recall@10: 0.3762 (37.62%)
  → New best! R@1=0.0973, saved to checkpoints/crossview/best.pt

Training complete. Best R@1: 0.0973
Job finished at Fri Apr 17 14:37:32 CEST 2026

------------------------------------------------------------
Sender: LSF System <lsfadmin@hpc.dtu.dk>
Subject: Job 28229354: <crossview_train> in cluster <dcc> Done

Job <crossview_train> was submitted from host <hpclogin1> by user <s250778> in cluster <dcc> at Fri Apr 17 12:44:51 2026
Job was executed on host(s) <4*n-62-20-4>, in queue <gpuv100>, as user <s250778> in cluster <dcc> at Fri Apr 17 12:51:34 2026
</zhome/b0/c/220061> was used as the home directory.
</zhome/b0/c/220061/Multimodal-Geo-Spatial-Learning> was used as the working directory.
Started at Fri Apr 17 12:51:34 2026
Terminated at Fri Apr 17 14:37:32 2026
Results reported at Fri Apr 17 14:37:32 2026

Your job looked like:

------------------------------------------------------------
# LSBATCH: User input
#!/bin/bash
#BSUB -J crossview_train
#BSUB -q gpuv100
#BSUB -gpu "num=1:mode=exclusive_process"
#BSUB -n 4
#BSUB -R "span[hosts=1] rusage[mem=16GB]"
#BSUB -W 4:00
#BSUB -o logs/crossview_train_%J.out
#BSUB -e logs/crossview_train_%J.err

mkdir -p logs
cd ~/Multimodal-Geo-Spatial-Learning

echo "Job started at $(date)"
echo "Running on $(hostname)"
nvidia-smi

uv run python -m mmgeo.crossview.train --config configs/crossview_baseline.yaml

echo "Job finished at $(date)"
------------------------------------------------------------

Successfully completed.

Resource usage summary:

    CPU time :                                   25977.00 sec.
    Max Memory :                                 2491 MB
    Average Memory :                             2109.04 MB
    Total Requested Memory :                     65536.00 MB
    Delta Memory :                               63045.00 MB
    Max Swap :                                   -
    Max Processes :                              9
    Max Threads :                                30
    Run time :                                   6358 sec.
    Turnaround time :                            6761 sec.

The output (if any) is above this job summary.



PS:

Read file <logs/crossview_train_28229354.err> for stderr output of this job.

