Traceback (most recent call last):
  File "<frozen runpy>", line 198, in _run_module_as_main
  File "<frozen runpy>", line 88, in _run_code
  File "/zhome/b0/c/220061/Multimodal-Geo-Spatial-Learning/src/mmgeo/crossview/train.py", line 469, in <module>
    main()
  File "/zhome/b0/c/220061/Multimodal-Geo-Spatial-Learning/src/mmgeo/crossview/train.py", line 465, in main
    train(cfg)
  File "/zhome/b0/c/220061/Multimodal-Geo-Spatial-Learning/src/mmgeo/crossview/train.py", line 277, in train
    train_metrics = train_one_epoch(model, train_loader, loss_fn, optimizer, device, epoch)
                    ^^^^^^^^^^^^^^^^^^^^^^^^^^^^^^^^^^^^^^^^^^^^^^^^^^^^^^^^^^^^^^^^^^^^^^^
  File "/zhome/b0/c/220061/Multimodal-Geo-Spatial-Learning/src/mmgeo/crossview/train.py", line 75, in train_one_epoch
    sat_embeds = model(sat_imgs)
                 ^^^^^^^^^^^^^^^
  File "/zhome/b0/c/220061/Multimodal-Geo-Spatial-Learning/.venv/lib/python3.11/site-packages/torch/nn/modules/module.py", line 1736, in _wrapped_call_impl
    return self._call_impl(*args, **kwargs)
           ^^^^^^^^^^^^^^^^^^^^^^^^^^^^^^^^
  File "/zhome/b0/c/220061/Multimodal-Geo-Spatial-Learning/.venv/lib/python3.11/site-packages/torch/nn/modules/module.py", line 1747, in _call_impl
    return forward_call(*args, **kwargs)
           ^^^^^^^^^^^^^^^^^^^^^^^^^^^^^
  File "/zhome/b0/c/220061/Multimodal-Geo-Spatial-Learning/src/mmgeo/crossview/model.py", line 78, in forward
    features = self.backbone(x)         # (B, feature_dim)
               ^^^^^^^^^^^^^^^^
  File "/zhome/b0/c/220061/Multimodal-Geo-Spatial-Learning/.venv/lib/python3.11/site-packages/torch/nn/modules/module.py", line 1736, in _wrapped_call_impl
    return self._call_impl(*args, **kwargs)
           ^^^^^^^^^^^^^^^^^^^^^^^^^^^^^^^^
  File "/zhome/b0/c/220061/Multimodal-Geo-Spatial-Learning/.venv/lib/python3.11/site-packages/torch/nn/modules/module.py", line 1747, in _call_impl
    return forward_call(*args, **kwargs)
           ^^^^^^^^^^^^^^^^^^^^^^^^^^^^^
  File "/zhome/b0/c/220061/Multimodal-Geo-Spatial-Learning/.venv/lib/python3.11/site-packages/timm/models/convnext.py", line 627, in forward
    x = self.forward_features(x)
        ^^^^^^^^^^^^^^^^^^^^^^^^
  File "/zhome/b0/c/220061/Multimodal-Geo-Spatial-Learning/.venv/lib/python3.11/site-packages/timm/models/convnext.py", line 609, in forward_features
    x = self.stages(x)
        ^^^^^^^^^^^^^^
  File "/zhome/b0/c/220061/Multimodal-Geo-Spatial-Learning/.venv/lib/python3.11/site-packages/torch/nn/modules/module.py", line 1736, in _wrapped_call_impl
    return self._call_impl(*args, **kwargs)
           ^^^^^^^^^^^^^^^^^^^^^^^^^^^^^^^^
  File "/zhome/b0/c/220061/Multimodal-Geo-Spatial-Learning/.venv/lib/python3.11/site-packages/torch/nn/modules/module.py", line 1747, in _call_impl
    return forward_call(*args, **kwargs)
           ^^^^^^^^^^^^^^^^^^^^^^^^^^^^^
  File "/zhome/b0/c/220061/Multimodal-Geo-Spatial-Learning/.venv/lib/python3.11/site-packages/torch/nn/modules/container.py", line 250, in forward
    input = module(input)
            ^^^^^^^^^^^^^
  File "/zhome/b0/c/220061/Multimodal-Geo-Spatial-Learning/.venv/lib/python3.11/site-packages/torch/nn/modules/module.py", line 1736, in _wrapped_call_impl
    return self._call_impl(*args, **kwargs)
           ^^^^^^^^^^^^^^^^^^^^^^^^^^^^^^^^
  File "/zhome/b0/c/220061/Multimodal-Geo-Spatial-Learning/.venv/lib/python3.11/site-packages/torch/nn/modules/module.py", line 1747, in _call_impl
    return forward_call(*args, **kwargs)
           ^^^^^^^^^^^^^^^^^^^^^^^^^^^^^
  File "/zhome/b0/c/220061/Multimodal-Geo-Spatial-Learning/.venv/lib/python3.11/site-packages/timm/models/convnext.py", line 306, in forward
    x = self.blocks(x)
        ^^^^^^^^^^^^^^
  File "/zhome/b0/c/220061/Multimodal-Geo-Spatial-Learning/.venv/lib/python3.11/site-packages/torch/nn/modules/module.py", line 1736, in _wrapped_call_impl
    return self._call_impl(*args, **kwargs)
           ^^^^^^^^^^^^^^^^^^^^^^^^^^^^^^^^
  File "/zhome/b0/c/220061/Multimodal-Geo-Spatial-Learning/.venv/lib/python3.11/site-packages/torch/nn/modules/module.py", line 1747, in _call_impl
    return forward_call(*args, **kwargs)
           ^^^^^^^^^^^^^^^^^^^^^^^^^^^^^
  File "/zhome/b0/c/220061/Multimodal-Geo-Spatial-Learning/.venv/lib/python3.11/site-packages/torch/nn/modules/container.py", line 250, in forward
    input = module(input)
            ^^^^^^^^^^^^^
  File "/zhome/b0/c/220061/Multimodal-Geo-Spatial-Learning/.venv/lib/python3.11/site-packages/torch/nn/modules/module.py", line 1736, in _wrapped_call_impl
    return self._call_impl(*args, **kwargs)
           ^^^^^^^^^^^^^^^^^^^^^^^^^^^^^^^^
  File "/zhome/b0/c/220061/Multimodal-Geo-Spatial-Learning/.venv/lib/python3.11/site-packages/torch/nn/modules/module.py", line 1747, in _call_impl
    return forward_call(*args, **kwargs)
           ^^^^^^^^^^^^^^^^^^^^^^^^^^^^^
  File "/zhome/b0/c/220061/Multimodal-Geo-Spatial-Learning/.venv/lib/python3.11/site-packages/timm/models/convnext.py", line 212, in forward
    x = self.drop_path(x) + self.shortcut(shortcut)
        ~~~~~~~~~~~~~~~~~~^~~~~~~~~~~~~~~~~~~~~~~~~
torch.OutOfMemoryError: CUDA out of memory. Tried to allocate 148.00 MiB. GPU 0 has a total capacity of 15.77 GiB of which 54.25 MiB is free. Including non-PyTorch memory, this process has 15.71 GiB memory in use. Of the allocated memory 15.26 GiB is allocated by PyTorch, and 75.93 MiB is reserved by PyTorch but unallocated. If reserved but unallocated memory is large try setting PYTORCH_CUDA_ALLOC_CONF=expandable_segments:True to avoid fragmentation.  See documentation for Memory Management  (https://pytorch.org/docs/stable/notes/cuda.html#environment-variables)
