Job started at Fri Apr 17 01:05:17 CEST 2026
Running on n-62-20-15
Fri Apr 17 01:05:17 2026       
+-----------------------------------------------------------------------------------------+
| NVIDIA-SMI 580.126.20             Driver Version: 580.126.20     CUDA Version: 13.0     |
+-----------------------------------------+------------------------+----------------------+
| GPU  Name                 Persistence-M | Bus-Id          Disp.A | Volatile Uncorr. ECC |
| Fan  Temp   Perf          Pwr:Usage/Cap |           Memory-Usage | GPU-Util  Compute M. |
|                                         |                        |               MIG M. |
|=========================================+========================+======================|
|   0  Tesla V100-PCIE-32GB           On  |   00000000:D8:00.0 Off |                    0 |
| N/A   39C    P0             26W /  250W |       0MiB /  32768MiB |      0%   E. Process |
|                                         |                        |                  N/A |
+-----------------------------------------+------------------------+----------------------+

+-----------------------------------------------------------------------------------------+
| Processes:                                                                              |
|  GPU   GI   CI              PID   Type   Process name                        GPU Memory |
|        ID   ID                                                               Usage      |
|=========================================================================================|
|  No running processes found                                                             |
+-----------------------------------------------------------------------------------------+
Device: cuda
[MMLCrossViewDataset] split=train, landmarks=17557, ground_imgs=310661, sat_imgs=186574
[CrossViewModel] backbone=convnext_tiny.fb_in22k, feature_dim=768, embed_dim=768, params=27.8M

Starting training: 20 epochs, batch_size=32
Backbone: convnext_tiny.fb_in22k, LR: 0.001
============================================================

Epoch   1/20 | loss=3.4676 | temp=0.0708 | lr=0.000994 | time=253.7s
Epoch   2/20 | loss=3.4657 | temp=0.0708 | lr=0.000976 | time=250.6s
Epoch   3/20 | loss=3.4657 | temp=0.0708 | lr=0.000946 | time=250.3s
Epoch   4/20 | loss=3.4657 | temp=0.0708 | lr=0.000905 | time=249.7s
Epoch   5/20 | loss=3.4657 | temp=0.0709 | lr=0.000855 | time=251.6s
[MMLImageDataset] split=query, modality=ground, images=18688, landmarks=1000
Job finished at Fri Apr 17 01:26:27 CEST 2026

------------------------------------------------------------
Sender: LSF System <lsfadmin@hpc.dtu.dk>
Subject: Job 28227426: <crossview_train> in cluster <dcc> Done

Job <crossview_train> was submitted from host <hpclogin1> by user <s250778> in cluster <dcc> at Fri Apr 17 01:00:32 2026
Job was executed on host(s) <4*n-62-20-15>, in queue <gpuv100>, as user <s250778> in cluster <dcc> at Fri Apr 17 01:05:15 2026
</zhome/b0/c/220061> was used as the home directory.
</zhome/b0/c/220061/Multimodal-Geo-Spatial-Learning> was used as the working directory.
Started at Fri Apr 17 01:05:15 2026
Terminated at Fri Apr 17 01:26:27 2026
Results reported at Fri Apr 17 01:26:27 2026

Your job looked like:

------------------------------------------------------------
# LSBATCH: User input
#!/bin/bash
#BSUB -J crossview_train
#BSUB -q gpuv100
#BSUB -gpu "num=1:mode=exclusive_process"
#BSUB -n 4
#BSUB -R "span[hosts=1] rusage[mem=16GB]"
#BSUB -W 4:00
#BSUB -o logs/crossview_train_%J.out
#BSUB -e logs/crossview_train_%J.err

mkdir -p logs
cd ~/Multimodal-Geo-Spatial-Learning

echo "Job started at $(date)"
echo "Running on $(hostname)"
nvidia-smi

uv run python -m mmgeo.crossview.train --config configs/crossview_baseline.yaml

echo "Job finished at $(date)"
------------------------------------------------------------

Successfully completed.

Resource usage summary:

    CPU time :                                   5213.00 sec.
    Max Memory :                                 1884 MB
    Average Memory :                             1620.33 MB
    Total Requested Memory :                     65536.00 MB
    Delta Memory :                               63652.00 MB
    Max Swap :                                   -
    Max Processes :                              9
    Max Threads :                                64
    Run time :                                   1272 sec.
    Turnaround time :                            1555 sec.

The output (if any) is above this job summary.



PS:

Read file <logs/crossview_train_28227426.err> for stderr output of this job.

