Job started at Wed Apr 22 23:04:55 CEST 2026
Running on n-62-11-14
Wed Apr 22 23:04:55 2026       
+-----------------------------------------------------------------------------------------+
| NVIDIA-SMI 580.126.20             Driver Version: 580.126.20     CUDA Version: 13.0     |
+-----------------------------------------+------------------------+----------------------+
| GPU  Name                 Persistence-M | Bus-Id          Disp.A | Volatile Uncorr. ECC |
| Fan  Temp   Perf          Pwr:Usage/Cap |           Memory-Usage | GPU-Util  Compute M. |
|                                         |                        |               MIG M. |
|=========================================+========================+======================|
|   0  Tesla V100-PCIE-32GB           On  |   00000000:D8:00.0 Off |                    0 |
| N/A   39C    P0             27W /  250W |       0MiB /  32768MiB |      0%   E. Process |
|                                         |                        |                  N/A |
+-----------------------------------------+------------------------+----------------------+

+-----------------------------------------------------------------------------------------+
| Processes:                                                                              |
|  GPU   GI   CI              PID   Type   Process name                        GPU Memory |
|        ID   ID                                                               Usage      |
|=========================================================================================|
|  No running processes found                                                             |
+-----------------------------------------------------------------------------------------+
Resuming from checkpoint: checkpoints/crossview/cv_v2_base_20260420_120027/best.pt
Device: cuda
[MMLCrossViewDataset] split=train, landmarks=17557, ground_imgs=310661, sat_imgs=186574

[HardNeg] Precomputing GPS neighbors (k=64)...
[HardNeg] GPS neighbor table: (17557, 64)
[HardNeg] iters_per_epoch=274
[MMLCrossViewDataset] split=train, landmarks=17557, ground_imgs=310661, sat_imgs=186574
[CrossViewModel] backbone=convnext_base.fb_in22k, feature_dim=1024, embed_dim=1024, params=87.6M
[Resume] Loaded checkpoint from epoch 19 (checkpoints/crossview/cv_v2_base_20260420_120027/best.pt)
[Resume] Resuming training from epoch 20
[Resume] LR after fast-forward: 0.000050
[RunLogger] run dir: checkpoints/crossview/cv_v2_base_20260422_230539

Starting training: 35 epochs, batch_size=64
Backbone: convnext_base.fb_in22k, LR: 0.0001
Resuming from epoch 20 / 35
============================================================

[HardNeg] Rebuilding DSS neighbor table (epoch 20)...
[HardNeg] DSS neighbor table: (17557, 64)
[HardNeg] Epoch 20: phase=dss
Epoch  20/35 | loss=1.8226 | diag=0.4414 | offdiag=0.0932 | margin=0.3482 | acc=0.550 | temp=0.0691 | lr=0.000046 | time=770.8s
[HardNeg] Rebuilding DSS neighbor table (epoch 21)...
[HardNeg] DSS neighbor table: (17557, 64)
[HardNeg] Epoch 21: phase=dss
Epoch  21/35 | loss=1.7759 | diag=0.4515 | offdiag=0.0949 | margin=0.3565 | acc=0.558 | temp=0.0683 | lr=0.000041 | time=760.0s
[MMLImageDataset] split=query, modality=ground, images=18688, landmarks=1000
[MMLImageDataset] split=query, modality=satellite, images=1000, landmarks=1000
[MMLImageDataset] split=index, modality=satellite, images=99539, landmarks=99539
[Eval] gallery satellite: query=1000 + index=99539 = 100539

============================================================
Evaluating G2S retrieval
============================================================
Embedding queries...
  → 18688 query embeddings, 1000 unique landmarks
  → pooled to 1000 landmark embeddings (mean of 18.7 imgs/landmark)
Embedding index...
  → 100539 index embeddings, 1001 unique landmarks
Computing metrics...
  recall@1: 0.1480 (14.80%)
  recall@5: 0.3150 (31.50%)
  recall@10: 0.3980 (39.80%)
  map@1000: 0.2333 (23.33%)
[MMLImageDataset] split=query, modality=satellite, images=1000, landmarks=1000
[MMLImageDataset] split=query, modality=ground, images=18688, landmarks=1000
[MMLImageDataset] split=index, modality=ground, images=714554, landmarks=714554
[Eval] gallery ground: query=18688 + index=714554 = 733242

============================================================
Evaluating S2G retrieval
============================================================
Embedding queries...
  → 1000 query embeddings, 1000 unique landmarks
Embedding index...
  → 733242 index embeddings, 1001 unique landmarks
Computing metrics...
  recall@1: 0.0510 (5.10%)
  recall@5: 0.1250 (12.50%)
  recall@10: 0.1840 (18.40%)
  map@1000: 0.0228 (2.28%)
  → New best! g2s_recall@1=0.1480, saved to checkpoints/crossview/cv_v2_base_20260422_230539/best.pt
[HardNeg] Rebuilding DSS neighbor table (epoch 22)...
[HardNeg] DSS neighbor table: (17557, 64)
[HardNeg] Epoch 22: phase=dss
Epoch  22/35 | loss=1.7111 | diag=0.4582 | offdiag=0.0931 | margin=0.3651 | acc=0.576 | temp=0.0676 | lr=0.000036 | time=765.2s
[HardNeg] Rebuilding DSS neighbor table (epoch 23)...
[HardNeg] DSS neighbor table: (17557, 64)
[HardNeg] Epoch 23: phase=dss
Epoch  23/35 | loss=1.6905 | diag=0.4584 | offdiag=0.0917 | margin=0.3667 | acc=0.577 | temp=0.0670 | lr=0.000032 | time=767.3s
[HardNeg] Rebuilding DSS neighbor table (epoch 24)...
[HardNeg] DSS neighbor table: (17557, 64)
[HardNeg] Epoch 24: phase=dss
Epoch  24/35 | loss=1.6485 | diag=0.4644 | offdiag=0.0931 | margin=0.3713 | acc=0.592 | temp=0.0665 | lr=0.000027 | time=755.0s
[MMLImageDataset] split=query, modality=ground, images=18688, landmarks=1000
[MMLImageDataset] split=query, modality=satellite, images=1000, landmarks=1000
[MMLImageDataset] split=index, modality=satellite, images=99539, landmarks=99539
[Eval] gallery satellite: query=1000 + index=99539 = 100539

============================================================
Evaluating G2S retrieval
============================================================
Embedding queries...
  → 18688 query embeddings, 1000 unique landmarks
  → pooled to 1000 landmark embeddings (mean of 18.7 imgs/landmark)
Embedding index...
  → 100539 index embeddings, 1001 unique landmarks
Computing metrics...
  recall@1: 0.1560 (15.60%)
  recall@5: 0.3170 (31.70%)
  recall@10: 0.3910 (39.10%)
  map@1000: 0.2377 (23.77%)
[MMLImageDataset] split=query, modality=satellite, images=1000, landmarks=1000
[MMLImageDataset] split=query, modality=ground, images=18688, landmarks=1000
[MMLImageDataset] split=index, modality=ground, images=714554, landmarks=714554
[Eval] gallery ground: query=18688 + index=714554 = 733242

============================================================
Evaluating S2G retrieval
============================================================
Embedding queries...
  → 1000 query embeddings, 1000 unique landmarks
Embedding index...
  → 733242 index embeddings, 1001 unique landmarks
Computing metrics...
  recall@1: 0.0420 (4.20%)
  recall@5: 0.1240 (12.40%)
  recall@10: 0.1920 (19.20%)
  map@1000: 0.0224 (2.24%)
  → New best! g2s_recall@1=0.1560, saved to checkpoints/crossview/cv_v2_base_20260422_230539/best.pt
[HardNeg] Rebuilding DSS neighbor table (epoch 25)...
[HardNeg] DSS neighbor table: (17557, 64)
[HardNeg] Epoch 25: phase=dss
Epoch  25/35 | loss=1.6178 | diag=0.4676 | offdiag=0.0929 | margin=0.3747 | acc=0.596 | temp=0.0660 | lr=0.000023 | time=776.0s
[HardNeg] Rebuilding DSS neighbor table (epoch 26)...
[HardNeg] DSS neighbor table: (17557, 64)
[HardNeg] Epoch 26: phase=dss
Epoch  26/35 | loss=1.5783 | diag=0.4670 | offdiag=0.0900 | margin=0.3770 | acc=0.610 | temp=0.0656 | lr=0.000019 | time=765.2s
[HardNeg] Rebuilding DSS neighbor table (epoch 27)...
[HardNeg] DSS neighbor table: (17557, 64)
[HardNeg] Epoch 27: phase=dss
Epoch  27/35 | loss=1.5538 | diag=0.4626 | offdiag=0.0866 | margin=0.3760 | acc=0.617 | temp=0.0653 | lr=0.000015 | time=776.5s
[MMLImageDataset] split=query, modality=ground, images=18688, landmarks=1000
[MMLImageDataset] split=query, modality=satellite, images=1000, landmarks=1000
[MMLImageDataset] split=index, modality=satellite, images=99539, landmarks=99539
[Eval] gallery satellite: query=1000 + index=99539 = 100539

============================================================
Evaluating G2S retrieval
============================================================
Embedding queries...
  → 18688 query embeddings, 1000 unique landmarks
  → pooled to 1000 landmark embeddings (mean of 18.7 imgs/landmark)
Embedding index...
  → 100539 index embeddings, 1001 unique landmarks
Computing metrics...
  recall@1: 0.1620 (16.20%)
  recall@5: 0.3170 (31.70%)
  recall@10: 0.3890 (38.90%)
  map@1000: 0.2410 (24.10%)
[MMLImageDataset] split=query, modality=satellite, images=1000, landmarks=1000
[MMLImageDataset] split=query, modality=ground, images=18688, landmarks=1000
[MMLImageDataset] split=index, modality=ground, images=714554, landmarks=714554
[Eval] gallery ground: query=18688 + index=714554 = 733242

============================================================
Evaluating S2G retrieval
============================================================
Embedding queries...
  → 1000 query embeddings, 1000 unique landmarks
Embedding index...
  → 733242 index embeddings, 1001 unique landmarks
Computing metrics...
  recall@1: 0.0520 (5.20%)
  recall@5: 0.1460 (14.60%)
  recall@10: 0.1960 (19.60%)
  map@1000: 0.0257 (2.57%)
  → New best! g2s_recall@1=0.1620, saved to checkpoints/crossview/cv_v2_base_20260422_230539/best.pt
[HardNeg] Rebuilding DSS neighbor table (epoch 28)...
[HardNeg] DSS neighbor table: (17557, 64)
[HardNeg] Epoch 28: phase=dss
Epoch  28/35 | loss=1.5112 | diag=0.4644 | offdiag=0.0825 | margin=0.3819 | acc=0.622 | temp=0.0651 | lr=0.000012 | time=775.7s
[HardNeg] Rebuilding DSS neighbor table (epoch 29)...
[HardNeg] DSS neighbor table: (17557, 64)
[HardNeg] Epoch 29: phase=dss
Epoch  29/35 | loss=1.5121 | diag=0.4678 | offdiag=0.0857 | margin=0.3821 | acc=0.627 | temp=0.0649 | lr=0.000009 | time=771.4s
[HardNeg] Rebuilding DSS neighbor table (epoch 30)...
[HardNeg] DSS neighbor table: (17557, 64)
[HardNeg] Epoch 30: phase=dss
Epoch  30/35 | loss=1.4943 | diag=0.4703 | offdiag=0.0848 | margin=0.3855 | acc=0.632 | temp=0.0647 | lr=0.000007 | time=772.6s
[MMLImageDataset] split=query, modality=ground, images=18688, landmarks=1000
[MMLImageDataset] split=query, modality=satellite, images=1000, landmarks=1000
[MMLImageDataset] split=index, modality=satellite, images=99539, landmarks=99539
[Eval] gallery satellite: query=1000 + index=99539 = 100539

============================================================
Evaluating G2S retrieval
============================================================
Embedding queries...
  → 18688 query embeddings, 1000 unique landmarks
  → pooled to 1000 landmark embeddings (mean of 18.7 imgs/landmark)
Embedding index...
  → 100539 index embeddings, 1001 unique landmarks
Computing metrics...
  recall@1: 0.1760 (17.60%)
  recall@5: 0.3340 (33.40%)
  recall@10: 0.4220 (42.20%)
  map@1000: 0.2550 (25.50%)
[MMLImageDataset] split=query, modality=satellite, images=1000, landmarks=1000
[MMLImageDataset] split=query, modality=ground, images=18688, landmarks=1000
[MMLImageDataset] split=index, modality=ground, images=714554, landmarks=714554
[Eval] gallery ground: query=18688 + index=714554 = 733242

============================================================
Evaluating S2G retrieval
============================================================
Embedding queries...
  → 1000 query embeddings, 1000 unique landmarks
Embedding index...
  → 733242 index embeddings, 1001 unique landmarks
Computing metrics...
  recall@1: 0.0520 (5.20%)
  recall@5: 0.1440 (14.40%)
  recall@10: 0.1870 (18.70%)
  map@1000: 0.0266 (2.66%)
  → New best! g2s_recall@1=0.1760, saved to checkpoints/crossview/cv_v2_base_20260422_230539/best.pt
[HardNeg] Rebuilding DSS neighbor table (epoch 31)...
[HardNeg] DSS neighbor table: (17557, 64)
[HardNeg] Epoch 31: phase=dss
Epoch  31/35 | loss=1.4706 | diag=0.4683 | offdiag=0.0829 | margin=0.3854 | acc=0.641 | temp=0.0646 | lr=0.000005 | time=762.9s
[HardNeg] Rebuilding DSS neighbor table (epoch 32)...
[HardNeg] DSS neighbor table: (17557, 64)
[HardNeg] Epoch 32: phase=dss
Epoch  32/35 | loss=1.4662 | diag=0.4688 | offdiag=0.0821 | margin=0.3867 | acc=0.643 | temp=0.0645 | lr=0.000003 | time=760.4s
[HardNeg] Rebuilding DSS neighbor table (epoch 33)...
[HardNeg] DSS neighbor table: (17557, 64)
[HardNeg] Epoch 33: phase=dss
Epoch  33/35 | loss=1.4650 | diag=0.4686 | offdiag=0.0822 | margin=0.3864 | acc=0.639 | temp=0.0645 | lr=0.000002 | time=747.6s
[MMLImageDataset] split=query, modality=ground, images=18688, landmarks=1000
[MMLImageDataset] split=query, modality=satellite, images=1000, landmarks=1000
[MMLImageDataset] split=index, modality=satellite, images=99539, landmarks=99539
[Eval] gallery satellite: query=1000 + index=99539 = 100539

============================================================
Evaluating G2S retrieval
============================================================
Embedding queries...
  → 18688 query embeddings, 1000 unique landmarks
  → pooled to 1000 landmark embeddings (mean of 18.7 imgs/landmark)
Embedding index...
  → 100539 index embeddings, 1001 unique landmarks
Computing metrics...
  recall@1: 0.1750 (17.50%)
  recall@5: 0.3300 (33.00%)
  recall@10: 0.4110 (41.10%)
  map@1000: 0.2539 (25.39%)
[MMLImageDataset] split=query, modality=satellite, images=1000, landmarks=1000
[MMLImageDataset] split=query, modality=ground, images=18688, landmarks=1000
[MMLImageDataset] split=index, modality=ground, images=714554, landmarks=714554
[Eval] gallery ground: query=18688 + index=714554 = 733242

============================================================
Evaluating S2G retrieval
============================================================
Embedding queries...
  → 1000 query embeddings, 1000 unique landmarks
Embedding index...
  → 733242 index embeddings, 1001 unique landmarks
Computing metrics...
  recall@1: 0.0530 (5.30%)
  recall@5: 0.1520 (15.20%)
  recall@10: 0.1990 (19.90%)
  map@1000: 0.0272 (2.72%)
[HardNeg] Rebuilding DSS neighbor table (epoch 34)...
[HardNeg] DSS neighbor table: (17557, 64)
[HardNeg] Epoch 34: phase=dss
Epoch  34/35 | loss=1.4377 | diag=0.4721 | offdiag=0.0832 | margin=0.3888 | acc=0.646 | temp=0.0644 | lr=0.000001 | time=749.5s
[HardNeg] Rebuilding DSS neighbor table (epoch 35)...
[HardNeg] DSS neighbor table: (17557, 64)
[HardNeg] Epoch 35: phase=dss
Epoch  35/35 | loss=1.4580 | diag=0.4693 | offdiag=0.0833 | margin=0.3860 | acc=0.640 | temp=0.0644 | lr=0.000001 | time=749.4s
[MMLImageDataset] split=query, modality=ground, images=18688, landmarks=1000
[MMLImageDataset] split=query, modality=satellite, images=1000, landmarks=1000
[MMLImageDataset] split=index, modality=satellite, images=99539, landmarks=99539
[Eval] gallery satellite: query=1000 + index=99539 = 100539

============================================================
Evaluating G2S retrieval
============================================================
Embedding queries...
  → 18688 query embeddings, 1000 unique landmarks
  → pooled to 1000 landmark embeddings (mean of 18.7 imgs/landmark)
Embedding index...
  → 100539 index embeddings, 1001 unique landmarks
Computing metrics...
  recall@1: 0.1760 (17.60%)
  recall@5: 0.3300 (33.00%)
  recall@10: 0.4100 (41.00%)
  map@1000: 0.2546 (25.46%)
[MMLImageDataset] split=query, modality=satellite, images=1000, landmarks=1000
[MMLImageDataset] split=query, modality=ground, images=18688, landmarks=1000
[MMLImageDataset] split=index, modality=ground, images=714554, landmarks=714554
[Eval] gallery ground: query=18688 + index=714554 = 733242

============================================================
Evaluating S2G retrieval
============================================================
Embedding queries...
  → 1000 query embeddings, 1000 unique landmarks
Embedding index...
  → 733242 index embeddings, 1001 unique landmarks
Computing metrics...
  recall@1: 0.0530 (5.30%)
  recall@5: 0.1520 (15.20%)
  recall@10: 0.2000 (20.00%)
  map@1000: 0.0267 (2.67%)
[RunLogger] finalized run: checkpoints/crossview/cv_v2_base_20260422_230539

Training complete. Best g2s_recall@1: 0.1760
Job finished at Thu Apr 23 07:39:15 CEST 2026

------------------------------------------------------------
Sender: LSF System <lsfadmin@hpc.dtu.dk>
Subject: Job 28262514: <crossview_base> in cluster <dcc> Done

Job <crossview_base> was submitted from host <hpclogin1> by user <s250778> in cluster <dcc> at Wed Apr 22 22:57:42 2026
Job was executed on host(s) <6*n-62-11-14>, in queue <gpuv100>, as user <s250778> in cluster <dcc> at Wed Apr 22 23:04:53 2026
</zhome/b0/c/220061> was used as the home directory.
</zhome/b0/c/220061/Multimodal-Geo-Spatial-Learning> was used as the working directory.
Started at Wed Apr 22 23:04:53 2026
Terminated at Thu Apr 23 07:39:15 2026
Results reported at Thu Apr 23 07:39:15 2026

Your job looked like:

------------------------------------------------------------
# LSBATCH: User input
#!/bin/bash
#BSUB -J crossview_base
#BSUB -q gpuv100
#BSUB -gpu "num=1:mode=exclusive_process"
# Require a 32GB V100 — convnext_base @ 256px does NOT fit on 16GB at batch=64.
#BSUB -R "select[gpu32gb]"
#BSUB -n 6
#BSUB -R "span[hosts=1] rusage[mem=32GB]"
#BSUB -W 24:00
#BSUB -o logs/crossview_base_%J.out
#BSUB -e logs/crossview_base_%J.err

mkdir -p logs
cd ~/Multimodal-Geo-Spatial-Learning

echo "Job started at $(date)"
echo "Running on $(hostname)"
nvidia-smi

# Set to a checkpoint path to resume (e.g. best.pt from a previous run), or leave empty.
RESUME="checkpoints/crossview/cv_v2_base_20260420_120027/best.pt"

if [ -n "$RESUME" ] && [ -f "$RESUME" ]; then
    echo "Resuming from checkpoint: $RESUME"
    uv run python -m mmgeo.crossview.train \
        --config configs/crossview_convnext_base.yaml \
        --resume "$RESUME"
else
    uv run python -m mmgeo.crossview.train --config configs/crossview_convnext_base.yaml
fi

echo "Job finished at $(date)"

------------------------------------------------------------

Successfully completed.

Resource usage summary:

    CPU time :                                   115204.00 sec.
    Max Memory :                                 14231 MB
    Average Memory :                             10322.80 MB
    Total Requested Memory :                     196608.00 MB
    Delta Memory :                               182377.00 MB
    Max Swap :                                   -
    Max Processes :                              17
    Max Threads :                                69
    Run time :                                   30862 sec.
    Turnaround time :                            31293 sec.

The output (if any) is above this job summary.



PS:

Read file <logs/crossview_base_28262514.err> for stderr output of this job.

