Job started at Tue Apr 28 14:25:53 CEST 2026
Running on n-62-20-13
Tue Apr 28 14:25:53 2026       
+-----------------------------------------------------------------------------------------+
| NVIDIA-SMI 580.126.20             Driver Version: 580.126.20     CUDA Version: 13.0     |
+-----------------------------------------+------------------------+----------------------+
| GPU  Name                 Persistence-M | Bus-Id          Disp.A | Volatile Uncorr. ECC |
| Fan  Temp   Perf          Pwr:Usage/Cap |           Memory-Usage | GPU-Util  Compute M. |
|                                         |                        |               MIG M. |
|=========================================+========================+======================|
|   0  Tesla V100-PCIE-32GB           On  |   00000000:58:00.0 Off |                    0 |
| N/A   39C    P0             25W /  250W |       0MiB /  32768MiB |      0%   E. Process |
|                                         |                        |                  N/A |
+-----------------------------------------+------------------------+----------------------+

+-----------------------------------------------------------------------------------------+
| Processes:                                                                              |
|  GPU   GI   CI              PID   Type   Process name                        GPU Memory |
|        ID   ID                                                               Usage      |
|=========================================================================================|
|  No running processes found                                                             |
+-----------------------------------------------------------------------------------------+
Device: cuda
[MMLCrossViewDataset] split=train, landmarks=17557, ground_imgs=310661, sat_imgs=186574

[HardNeg] Precomputing GPS neighbors (k=64)...
[HardNeg] GPS neighbor table: (17557, 64)
[HardNeg] iters_per_epoch=1097
[MMLCrossViewDataset] split=train, landmarks=17557, ground_imgs=310661, sat_imgs=186574
[CrossViewModel] backbone=convnext_base.fb_in22k_ft_in1k_384, feature_dim=1024, embed_dim=1024, params=87.6M
[Loss] MultiPositiveInfoNCE  (n_ground=2)
[RunLogger] run dir: checkpoints/crossview/cv_v3_base_20260428_142805

Starting training: 36 epochs, batch_size=16
Backbone: convnext_base.fb_in22k_ft_in1k_384, LR: 0.0001
============================================================

[HardNeg] Epoch 1: phase=gps
Job finished at Tue Apr 28 14:29:34 CEST 2026

------------------------------------------------------------
Sender: LSF System <lsfadmin@hpc.dtu.dk>
Subject: Job 28314087: <crossview_v3> in cluster <dcc> Done

Job <crossview_v3> was submitted from host <hpclogin1> by user <s250778> in cluster <dcc> at Tue Apr 28 13:40:46 2026
Job was executed on host(s) <6*n-62-20-13>, in queue <gpuv100>, as user <s250778> in cluster <dcc> at Tue Apr 28 14:25:51 2026
</zhome/b0/c/220061> was used as the home directory.
</zhome/b0/c/220061/Multimodal-Geo-Spatial-Learning> was used as the working directory.
Started at Tue Apr 28 14:25:51 2026
Terminated at Tue Apr 28 14:29:34 2026
Results reported at Tue Apr 28 14:29:34 2026

Your job looked like:

------------------------------------------------------------
# LSBATCH: User input
#!/bin/bash
#BSUB -J crossview_v3
#BSUB -q gpuv100
#BSUB -gpu "num=1:mode=exclusive_process"
# Requires 32GB V100 — convnext_base @ 384px
#BSUB -R "select[gpu32gb]"
#BSUB -n 6
#BSUB -R "span[hosts=1] rusage[mem=32GB]"
#BSUB -W 24:00
#BSUB -o logs/crossview_v3_%J.out
#BSUB -e logs/crossview_v3_%J.err

mkdir -p logs
cd ~/Multimodal-Geo-Spatial-Learning

# Reduces CUDA memory fragmentation — recommended when near the memory limit
export PYTORCH_CUDA_ALLOC_CONF=expandable_segments:True

echo "Job started at $(date)"
echo "Running on $(hostname)"
nvidia-smi

# Set to a checkpoint path to resume, or leave empty to start fresh.
RESUME=""

if [ -n "$RESUME" ] && [ -f "$RESUME" ]; then
    echo "Resuming from checkpoint: $RESUME"
    uv run python -m mmgeo.crossview.train \
        --config configs/crossview_convnext_base_v3.yaml \
        --resume "$RESUME"
else
    uv run python -m mmgeo.crossview.train \
        --config configs/crossview_convnext_base_v3.yaml
fi

echo "Job finished at $(date)"

------------------------------------------------------------

Successfully completed.

Resource usage summary:

    CPU time :                                   87.00 sec.
    Max Memory :                                 1072 MB
    Average Memory :                             760.50 MB
    Total Requested Memory :                     196608.00 MB
    Delta Memory :                               195536.00 MB
    Max Swap :                                   -
    Max Processes :                              5
    Max Threads :                                11
    Run time :                                   223 sec.
    Turnaround time :                            2928 sec.

The output (if any) is above this job summary.



PS:

Read file <logs/crossview_v3_28314087.err> for stderr output of this job.

