Job started at Sun Apr 19 16:14:11 CEST 2026
Running on n-62-11-15
Sun Apr 19 16:14:11 2026       
+-----------------------------------------------------------------------------------------+
| NVIDIA-SMI 580.126.20             Driver Version: 580.126.20     CUDA Version: 13.0     |
+-----------------------------------------+------------------------+----------------------+
| GPU  Name                 Persistence-M | Bus-Id          Disp.A | Volatile Uncorr. ECC |
| Fan  Temp   Perf          Pwr:Usage/Cap |           Memory-Usage | GPU-Util  Compute M. |
|                                         |                        |               MIG M. |
|=========================================+========================+======================|
|   0  Tesla V100-PCIE-32GB           On  |   00000000:D8:00.0 Off |                    0 |
| N/A   43C    P0             28W /  250W |       0MiB /  32768MiB |      0%   E. Process |
|                                         |                        |                  N/A |
+-----------------------------------------+------------------------+----------------------+

+-----------------------------------------------------------------------------------------+
| Processes:                                                                              |
|  GPU   GI   CI              PID   Type   Process name                        GPU Memory |
|        ID   ID                                                               Usage      |
|=========================================================================================|
|  No running processes found                                                             |
+-----------------------------------------------------------------------------------------+
Device: cuda
[MMLCrossViewDataset] split=train, landmarks=17557, ground_imgs=310661, sat_imgs=186574

[HardNeg] Precomputing GPS neighbors (k=20)...
[HardNeg] GPS neighbor table: (17557, 20)
[MMLCrossViewDataset] split=train, landmarks=17557, ground_imgs=310661, sat_imgs=186574
[CrossViewModel] backbone=convnext_tiny.fb_in22k, feature_dim=768, embed_dim=768, params=27.8M
[RunLogger] run dir: checkpoints/crossview/cv_v2_20260419_161547

Starting training: 20 epochs, batch_size=32
Backbone: convnext_tiny.fb_in22k, LR: 0.0001
============================================================

[HardNeg] Epoch 1: phase=gps
Epoch   1/20 | loss=2.2593 | diag=0.3530 | offdiag=0.1426 | margin=0.2105 | acc=0.334 | temp=0.0667 | lr=0.000055 | time=7524.1s
[MMLImageDataset] split=query, modality=ground, images=18688, landmarks=1000
Job finished at Sun Apr 19 18:21:20 CEST 2026

------------------------------------------------------------
Sender: LSF System <lsfadmin@hpc.dtu.dk>
Subject: Job 28237662: <crossview_train> in cluster <dcc> Done

Job <crossview_train> was submitted from host <hpclogin1> by user <s250778> in cluster <dcc> at Sun Apr 19 16:13:08 2026
Job was executed on host(s) <4*n-62-11-15>, in queue <gpuv100>, as user <s250778> in cluster <dcc> at Sun Apr 19 16:14:09 2026
</zhome/b0/c/220061> was used as the home directory.
</zhome/b0/c/220061/Multimodal-Geo-Spatial-Learning> was used as the working directory.
Started at Sun Apr 19 16:14:09 2026
Terminated at Sun Apr 19 18:21:20 2026
Results reported at Sun Apr 19 18:21:20 2026

Your job looked like:

------------------------------------------------------------
# LSBATCH: User input
#!/bin/bash
#BSUB -J crossview_train
#BSUB -q gpuv100
#BSUB -gpu "num=1:mode=exclusive_process"
#BSUB -n 4
#BSUB -R "span[hosts=1] rusage[mem=16GB]"
#BSUB -W 4:00
#BSUB -o logs/crossview_train_%J.out
#BSUB -e logs/crossview_train_%J.err

mkdir -p logs
cd ~/Multimodal-Geo-Spatial-Learning

echo "Job started at $(date)"
echo "Running on $(hostname)"
nvidia-smi

uv run python -m mmgeo.crossview.train --config configs/crossview_baseline.yaml

echo "Job finished at $(date)"
------------------------------------------------------------

Successfully completed.

Resource usage summary:

    CPU time :                                   30750.00 sec.
    Max Memory :                                 3054 MB
    Average Memory :                             2626.28 MB
    Total Requested Memory :                     65536.00 MB
    Delta Memory :                               62482.00 MB
    Max Swap :                                   -
    Max Processes :                              9
    Max Threads :                                29
    Run time :                                   7631 sec.
    Turnaround time :                            7692 sec.

The output (if any) is above this job summary.



PS:

Read file <logs/crossview_train_28237662.err> for stderr output of this job.

