Warning: You are sending unauthenticated requests to the HF Hub. Please set a HF_TOKEN to enable higher rate limits and faster downloads.
Traceback (most recent call last):
  File "<frozen runpy>", line 198, in _run_module_as_main
  File "<frozen runpy>", line 88, in _run_code
  File "/zhome/b0/c/220061/Multimodal-Geo-Spatial-Learning/src/mmgeo/crossview/train.py", line 540, in <module>
    main()
  File "/zhome/b0/c/220061/Multimodal-Geo-Spatial-Learning/src/mmgeo/crossview/train.py", line 536, in main
    train(cfg, resume=args.resume)
  File "/zhome/b0/c/220061/Multimodal-Geo-Spatial-Learning/src/mmgeo/crossview/train.py", line 325, in train
    train_metrics = train_one_epoch(model, train_loader, loss_fn, optimizer, device, epoch)
                    ^^^^^^^^^^^^^^^^^^^^^^^^^^^^^^^^^^^^^^^^^^^^^^^^^^^^^^^^^^^^^^^^^^^^^^^
  File "/zhome/b0/c/220061/Multimodal-Geo-Spatial-Learning/src/mmgeo/crossview/train.py", line 81, in train_one_epoch
    ground_embeds = model(ground_imgs)  # (B*K, D) or (B, D)
                    ^^^^^^^^^^^^^^^^^^
  File "/zhome/b0/c/220061/Multimodal-Geo-Spatial-Learning/.venv/lib/python3.11/site-packages/torch/nn/modules/module.py", line 1736, in _wrapped_call_impl
    return self._call_impl(*args, **kwargs)
           ^^^^^^^^^^^^^^^^^^^^^^^^^^^^^^^^
  File "/zhome/b0/c/220061/Multimodal-Geo-Spatial-Learning/.venv/lib/python3.11/site-packages/torch/nn/modules/module.py", line 1747, in _call_impl
    return forward_call(*args, **kwargs)
           ^^^^^^^^^^^^^^^^^^^^^^^^^^^^^
  File "/zhome/b0/c/220061/Multimodal-Geo-Spatial-Learning/src/mmgeo/crossview/model.py", line 78, in forward
    features = self.backbone(x)         # (B, feature_dim)
               ^^^^^^^^^^^^^^^^
  File "/zhome/b0/c/220061/Multimodal-Geo-Spatial-Learning/.venv/lib/python3.11/site-packages/torch/nn/modules/module.py", line 1736, in _wrapped_call_impl
    return self._call_impl(*args, **kwargs)
           ^^^^^^^^^^^^^^^^^^^^^^^^^^^^^^^^
  File "/zhome/b0/c/220061/Multimodal-Geo-Spatial-Learning/.venv/lib/python3.11/site-packages/torch/nn/modules/module.py", line 1747, in _call_impl
    return forward_call(*args, **kwargs)
           ^^^^^^^^^^^^^^^^^^^^^^^^^^^^^
  File "/zhome/b0/c/220061/Multimodal-Geo-Spatial-Learning/.venv/lib/python3.11/site-packages/timm/models/convnext.py", line 627, in forward
    x = self.forward_features(x)
        ^^^^^^^^^^^^^^^^^^^^^^^^
  File "/zhome/b0/c/220061/Multimodal-Geo-Spatial-Learning/.venv/lib/python3.11/site-packages/timm/models/convnext.py", line 609, in forward_features
    x = self.stages(x)
        ^^^^^^^^^^^^^^
  File "/zhome/b0/c/220061/Multimodal-Geo-Spatial-Learning/.venv/lib/python3.11/site-packages/torch/nn/modules/module.py", line 1736, in _wrapped_call_impl
    return self._call_impl(*args, **kwargs)
           ^^^^^^^^^^^^^^^^^^^^^^^^^^^^^^^^
  File "/zhome/b0/c/220061/Multimodal-Geo-Spatial-Learning/.venv/lib/python3.11/site-packages/torch/nn/modules/module.py", line 1747, in _call_impl
    return forward_call(*args, **kwargs)
           ^^^^^^^^^^^^^^^^^^^^^^^^^^^^^
  File "/zhome/b0/c/220061/Multimodal-Geo-Spatial-Learning/.venv/lib/python3.11/site-packages/torch/nn/modules/container.py", line 250, in forward
    input = module(input)
            ^^^^^^^^^^^^^
  File "/zhome/b0/c/220061/Multimodal-Geo-Spatial-Learning/.venv/lib/python3.11/site-packages/torch/nn/modules/module.py", line 1736, in _wrapped_call_impl
    return self._call_impl(*args, **kwargs)
           ^^^^^^^^^^^^^^^^^^^^^^^^^^^^^^^^
  File "/zhome/b0/c/220061/Multimodal-Geo-Spatial-Learning/.venv/lib/python3.11/site-packages/torch/nn/modules/module.py", line 1747, in _call_impl
    return forward_call(*args, **kwargs)
           ^^^^^^^^^^^^^^^^^^^^^^^^^^^^^
  File "/zhome/b0/c/220061/Multimodal-Geo-Spatial-Learning/.venv/lib/python3.11/site-packages/timm/models/convnext.py", line 306, in forward
    x = self.blocks(x)
        ^^^^^^^^^^^^^^
  File "/zhome/b0/c/220061/Multimodal-Geo-Spatial-Learning/.venv/lib/python3.11/site-packages/torch/nn/modules/module.py", line 1736, in _wrapped_call_impl
    return self._call_impl(*args, **kwargs)
           ^^^^^^^^^^^^^^^^^^^^^^^^^^^^^^^^
  File "/zhome/b0/c/220061/Multimodal-Geo-Spatial-Learning/.venv/lib/python3.11/site-packages/torch/nn/modules/module.py", line 1747, in _call_impl
    return forward_call(*args, **kwargs)
           ^^^^^^^^^^^^^^^^^^^^^^^^^^^^^
  File "/zhome/b0/c/220061/Multimodal-Geo-Spatial-Learning/.venv/lib/python3.11/site-packages/torch/nn/modules/container.py", line 250, in forward
    input = module(input)
            ^^^^^^^^^^^^^
  File "/zhome/b0/c/220061/Multimodal-Geo-Spatial-Learning/.venv/lib/python3.11/site-packages/torch/nn/modules/module.py", line 1736, in _wrapped_call_impl
    return self._call_impl(*args, **kwargs)
           ^^^^^^^^^^^^^^^^^^^^^^^^^^^^^^^^
  File "/zhome/b0/c/220061/Multimodal-Geo-Spatial-Learning/.venv/lib/python3.11/site-packages/torch/nn/modules/module.py", line 1747, in _call_impl
    return forward_call(*args, **kwargs)
           ^^^^^^^^^^^^^^^^^^^^^^^^^^^^^
  File "/zhome/b0/c/220061/Multimodal-Geo-Spatial-Learning/.venv/lib/python3.11/site-packages/timm/models/convnext.py", line 210, in forward
    x = x.mul(self.gamma.reshape(1, -1, 1, 1))
        ^^^^^^^^^^^^^^^^^^^^^^^^^^^^^^^^^^^^^^
torch.OutOfMemoryError: CUDA out of memory. Tried to allocate 82.00 MiB. GPU 0 has a total capacity of 31.73 GiB of which 62.25 MiB is free. Including non-PyTorch memory, this process has 31.66 GiB memory in use. Of the allocated memory 31.27 GiB is allocated by PyTorch, and 22.85 MiB is reserved by PyTorch but unallocated. If reserved but unallocated memory is large try setting PYTORCH_CUDA_ALLOC_CONF=expandable_segments:True to avoid fragmentation.  See documentation for Memory Management  (https://pytorch.org/docs/stable/notes/cuda.html#environment-variables)
