Job started at Fri Apr 17 11:29:51 CEST 2026
Running on n-62-20-6
Fri Apr 17 11:29:51 2026       
+-----------------------------------------------------------------------------------------+
| NVIDIA-SMI 580.126.20             Driver Version: 580.126.20     CUDA Version: 13.0     |
+-----------------------------------------+------------------------+----------------------+
| GPU  Name                 Persistence-M | Bus-Id          Disp.A | Volatile Uncorr. ECC |
| Fan  Temp   Perf          Pwr:Usage/Cap |           Memory-Usage | GPU-Util  Compute M. |
|                                         |                        |               MIG M. |
|=========================================+========================+======================|
|   0  Tesla V100-PCIE-16GB           On  |   00000000:37:00.0 Off |                    0 |
| N/A   46C    P0             46W /  250W |       0MiB /  16384MiB |      0%   E. Process |
|                                         |                        |                  N/A |
+-----------------------------------------+------------------------+----------------------+

+-----------------------------------------------------------------------------------------+
| Processes:                                                                              |
|  GPU   GI   CI              PID   Type   Process name                        GPU Memory |
|        ID   ID                                                               Usage      |
|=========================================================================================|
|  No running processes found                                                             |
+-----------------------------------------------------------------------------------------+
Device: cuda
[MMLCrossViewDataset] split=train, landmarks=17557, ground_imgs=310661, sat_imgs=186574
[CrossViewModel] backbone=convnext_tiny.fb_in22k, feature_dim=768, embed_dim=768, params=27.8M

Starting training: 20 epochs, batch_size=32
Backbone: convnext_tiny.fb_in22k, LR: 0.001
============================================================

Epoch   1/20 | loss=3.4679 | temp=0.0707 | lr=0.000994 | time=252.1s
Epoch   2/20 | loss=3.4657 | temp=0.0707 | lr=0.000976 | time=246.6s
Epoch   3/20 | loss=3.4657 | temp=0.0707 | lr=0.000946 | time=245.0s
Epoch   4/20 | loss=3.4658 | temp=0.0714 | lr=0.000905 | time=244.7s
Epoch   5/20 | loss=3.4658 | temp=0.0715 | lr=0.000855 | time=246.8s
Epoch   6/20 | loss=3.4657 | temp=0.0715 | lr=0.000796 | time=247.0s
Epoch   7/20 | loss=3.4657 | temp=0.0715 | lr=0.000730 | time=247.5s
Epoch   8/20 | loss=3.4657 | temp=0.0716 | lr=0.000658 | time=246.8s
Epoch   9/20 | loss=3.4657 | temp=0.0716 | lr=0.000582 | time=247.8s
Epoch  10/20 | loss=3.4657 | temp=0.0716 | lr=0.000505 | time=247.9s
Epoch  11/20 | loss=3.4657 | temp=0.0716 | lr=0.000428 | time=247.4s
Epoch  12/20 | loss=3.4657 | temp=0.0716 | lr=0.000352 | time=247.4s
Epoch  13/20 | loss=3.4657 | temp=0.0716 | lr=0.000280 | time=246.0s
Epoch  14/20 | loss=3.4657 | temp=0.0716 | lr=0.000214 | time=247.2s
Epoch  15/20 | loss=3.4657 | temp=0.0716 | lr=0.000155 | time=246.5s
Epoch  16/20 | loss=3.4657 | temp=0.0716 | lr=0.000105 | time=248.1s
Epoch  17/20 | loss=3.4657 | temp=0.0716 | lr=0.000064 | time=247.8s
Epoch  18/20 | loss=3.4657 | temp=0.0716 | lr=0.000034 | time=247.9s
Epoch  19/20 | loss=3.4657 | temp=0.0716 | lr=0.000016 | time=247.9s
Epoch  20/20 | loss=3.4657 | temp=0.0716 | lr=0.000010 | time=251.2s
[MMLImageDataset] split=query, modality=ground, images=18688, landmarks=1000
[MMLImageDataset] split=query, modality=satellite, images=1000, landmarks=1000

============================================================
Evaluating G2S retrieval
============================================================
Embedding queries...
  → 18688 query embeddings, 1000 unique landmarks
Embedding index...
  → 1000 index embeddings, 1000 unique landmarks
Computing recall...
  Recall@1: 0.0011 (0.11%)
  Recall@5: 0.0060 (0.60%)
  Recall@10: 0.0112 (1.12%)
  → New best! R@1=0.0011, saved to checkpoints/crossview/best.pt

Training complete. Best R@1: 0.0011
Job finished at Fri Apr 17 12:53:52 CEST 2026

------------------------------------------------------------
Sender: LSF System <lsfadmin@hpc.dtu.dk>
Subject: Job 28229104: <crossview_train> in cluster <dcc> Done

Job <crossview_train> was submitted from host <hpclogin1> by user <s250778> in cluster <dcc> at Fri Apr 17 10:39:19 2026
Job was executed on host(s) <4*n-62-20-6>, in queue <gpuv100>, as user <s250778> in cluster <dcc> at Fri Apr 17 11:29:50 2026
</zhome/b0/c/220061> was used as the home directory.
</zhome/b0/c/220061/Multimodal-Geo-Spatial-Learning> was used as the working directory.
Started at Fri Apr 17 11:29:50 2026
Terminated at Fri Apr 17 12:53:52 2026
Results reported at Fri Apr 17 12:53:52 2026

Your job looked like:

------------------------------------------------------------
# LSBATCH: User input
#!/bin/bash
#BSUB -J crossview_train
#BSUB -q gpuv100
#BSUB -gpu "num=1:mode=exclusive_process"
#BSUB -n 4
#BSUB -R "span[hosts=1] rusage[mem=16GB]"
#BSUB -W 4:00
#BSUB -o logs/crossview_train_%J.out
#BSUB -e logs/crossview_train_%J.err

mkdir -p logs
cd ~/Multimodal-Geo-Spatial-Learning

echo "Job started at $(date)"
echo "Running on $(hostname)"
nvidia-smi

uv run python -m mmgeo.crossview.train --config configs/crossview_baseline.yaml

echo "Job finished at $(date)"
------------------------------------------------------------

Successfully completed.

Resource usage summary:

    CPU time :                                   20915.00 sec.
    Max Memory :                                 2396 MB
    Average Memory :                             2076.12 MB
    Total Requested Memory :                     65536.00 MB
    Delta Memory :                               63140.00 MB
    Max Swap :                                   -
    Max Processes :                              9
    Max Threads :                                29
    Run time :                                   5042 sec.
    Turnaround time :                            8073 sec.

The output (if any) is above this job summary.



PS:

Read file <logs/crossview_train_28229104.err> for stderr output of this job.

