Job started at Sun Apr 19 21:11:15 CEST 2026
Running on n-62-20-6
Sun Apr 19 21:11:15 2026       
+-----------------------------------------------------------------------------------------+
| NVIDIA-SMI 580.126.20             Driver Version: 580.126.20     CUDA Version: 13.0     |
+-----------------------------------------+------------------------+----------------------+
| GPU  Name                 Persistence-M | Bus-Id          Disp.A | Volatile Uncorr. ECC |
| Fan  Temp   Perf          Pwr:Usage/Cap |           Memory-Usage | GPU-Util  Compute M. |
|                                         |                        |               MIG M. |
|=========================================+========================+======================|
|   0  Tesla V100-PCIE-16GB           On  |   00000000:AF:00.0 Off |                    0 |
| N/A   33C    P0             25W /  250W |       0MiB /  16384MiB |      0%   E. Process |
|                                         |                        |                  N/A |
+-----------------------------------------+------------------------+----------------------+

+-----------------------------------------------------------------------------------------+
| Processes:                                                                              |
|  GPU   GI   CI              PID   Type   Process name                        GPU Memory |
|        ID   ID                                                               Usage      |
|=========================================================================================|
|  No running processes found                                                             |
+-----------------------------------------------------------------------------------------+
Device: cuda
[MMLCrossViewDataset] split=train, landmarks=17557, ground_imgs=310661, sat_imgs=186574

[HardNeg] Precomputing GPS neighbors (k=128)...
[HardNeg] GPS neighbor table: (17557, 128)
[HardNeg] iters_per_epoch=137
[MMLCrossViewDataset] split=train, landmarks=17557, ground_imgs=310661, sat_imgs=186574
[CrossViewModel] backbone=convnext_tiny.fb_in22k, feature_dim=768, embed_dim=768, params=27.8M
[RunLogger] run dir: checkpoints/crossview/cv_v2_20260419_211156

Starting training: 20 epochs, batch_size=128
Backbone: convnext_tiny.fb_in22k, LR: 0.0001
============================================================

[HardNeg] Epoch 1: phase=gps
Job finished at Sun Apr 19 21:12:39 CEST 2026

------------------------------------------------------------
Sender: LSF System <lsfadmin@hpc.dtu.dk>
Subject: Job 28238371: <crossview_train> in cluster <dcc> Done

Job <crossview_train> was submitted from host <hpclogin1> by user <s250778> in cluster <dcc> at Sun Apr 19 21:08:04 2026
Job was executed on host(s) <6*n-62-20-6>, in queue <gpuv100>, as user <s250778> in cluster <dcc> at Sun Apr 19 21:11:13 2026
</zhome/b0/c/220061> was used as the home directory.
</zhome/b0/c/220061/Multimodal-Geo-Spatial-Learning> was used as the working directory.
Started at Sun Apr 19 21:11:13 2026
Terminated at Sun Apr 19 21:12:39 2026
Results reported at Sun Apr 19 21:12:39 2026

Your job looked like:

------------------------------------------------------------
# LSBATCH: User input
#!/bin/bash
#BSUB -J crossview_train
#BSUB -q gpuv100
#BSUB -gpu "num=1:mode=exclusive_process"
#BSUB -n 6
#BSUB -R "span[hosts=1] rusage[mem=24GB]"
#BSUB -W 24:00
#BSUB -o logs/crossview_train_%J.out
#BSUB -e logs/crossview_train_%J.err

mkdir -p logs
cd ~/Multimodal-Geo-Spatial-Learning

echo "Job started at $(date)"
echo "Running on $(hostname)"
nvidia-smi

uv run python -m mmgeo.crossview.train --config configs/crossview_baseline.yaml

echo "Job finished at $(date)"
------------------------------------------------------------

Successfully completed.

Resource usage summary:

    CPU time :                                   181.00 sec.
    Max Memory :                                 273 MB
    Average Memory :                             273.00 MB
    Total Requested Memory :                     147456.00 MB
    Delta Memory :                               147183.00 MB
    Max Swap :                                   -
    Max Processes :                              5
    Max Threads :                                9
    Run time :                                   86 sec.
    Turnaround time :                            275 sec.

The output (if any) is above this job summary.



PS:

Read file <logs/crossview_train_28238371.err> for stderr output of this job.

