Job started at Mon Apr 20 11:59:42 CEST 2026
Running on n-62-11-13
Mon Apr 20 11:59:42 2026       
+-----------------------------------------------------------------------------------------+
| NVIDIA-SMI 580.126.20             Driver Version: 580.126.20     CUDA Version: 13.0     |
+-----------------------------------------+------------------------+----------------------+
| GPU  Name                 Persistence-M | Bus-Id          Disp.A | Volatile Uncorr. ECC |
| Fan  Temp   Perf          Pwr:Usage/Cap |           Memory-Usage | GPU-Util  Compute M. |
|                                         |                        |               MIG M. |
|=========================================+========================+======================|
|   0  Tesla V100-PCIE-32GB           On  |   00000000:58:00.0 Off |                    0 |
| N/A   35C    P0             26W /  250W |       0MiB /  32768MiB |      0%   E. Process |
|                                         |                        |                  N/A |
+-----------------------------------------+------------------------+----------------------+

+-----------------------------------------------------------------------------------------+
| Processes:                                                                              |
|  GPU   GI   CI              PID   Type   Process name                        GPU Memory |
|        ID   ID                                                               Usage      |
|=========================================================================================|
|  No running processes found                                                             |
+-----------------------------------------------------------------------------------------+
Device: cuda
[MMLCrossViewDataset] split=train, landmarks=17557, ground_imgs=310661, sat_imgs=186574

[HardNeg] Precomputing GPS neighbors (k=64)...
[HardNeg] GPS neighbor table: (17557, 64)
[HardNeg] iters_per_epoch=274
[MMLCrossViewDataset] split=train, landmarks=17557, ground_imgs=310661, sat_imgs=186574
[CrossViewModel] backbone=convnext_base.fb_in22k, feature_dim=1024, embed_dim=1024, params=87.6M
[RunLogger] run dir: checkpoints/crossview/cv_v2_base_20260420_120027

Starting training: 35 epochs, batch_size=64
Backbone: convnext_base.fb_in22k, LR: 0.0001
============================================================

[HardNeg] Epoch 1: phase=gps
Epoch   1/35 | loss=3.7966 | diag=0.1730 | offdiag=0.1092 | margin=0.0638 | acc=0.086 | temp=0.0701 | lr=0.000040 | time=616.3s
[MMLImageDataset] split=query, modality=ground, images=18688, landmarks=1000
[MMLImageDataset] split=query, modality=satellite, images=1000, landmarks=1000
[MMLImageDataset] split=index, modality=satellite, images=99539, landmarks=99539
[Eval] gallery satellite: query=1000 + index=99539 = 100539

============================================================
Evaluating G2S retrieval
============================================================
Embedding queries...
  → 18688 query embeddings, 1000 unique landmarks
Embedding index...
  → 100539 index embeddings, 1001 unique landmarks
Computing metrics...
  recall@1: 0.0047 (0.47%)
  recall@5: 0.0216 (2.16%)
  recall@10: 0.0388 (3.88%)
  map@1000: 0.0179 (1.79%)
[MMLImageDataset] split=query, modality=satellite, images=1000, landmarks=1000
[MMLImageDataset] split=query, modality=ground, images=18688, landmarks=1000
[MMLImageDataset] split=index, modality=ground, images=714554, landmarks=714554
[Eval] gallery ground: query=18688 + index=714554 = 733242

============================================================
Evaluating S2G retrieval
============================================================
Embedding queries...
  → 1000 query embeddings, 1000 unique landmarks
Embedding index...
  → 733242 index embeddings, 1001 unique landmarks
Computing metrics...
  recall@1: 0.0030 (0.30%)
  recall@5: 0.0120 (1.20%)
  recall@10: 0.0150 (1.50%)
  map@1000: 0.0018 (0.18%)
  → New best! g2s_recall@1=0.0047, saved to checkpoints/crossview/cv_v2_base_20260420_120027/best.pt
[HardNeg] Epoch 2: phase=gps
Epoch   2/35 | loss=3.2409 | diag=0.2995 | offdiag=0.1452 | margin=0.1543 | acc=0.160 | temp=0.0701 | lr=0.000070 | time=609.0s
[MMLImageDataset] split=query, modality=ground, images=18688, landmarks=1000
[MMLImageDataset] split=query, modality=satellite, images=1000, landmarks=1000
[MMLImageDataset] split=index, modality=satellite, images=99539, landmarks=99539
[Eval] gallery satellite: query=1000 + index=99539 = 100539

============================================================
Evaluating G2S retrieval
============================================================
Embedding queries...
  → 18688 query embeddings, 1000 unique landmarks
Embedding index...
  → 100539 index embeddings, 1001 unique landmarks
Computing metrics...
  recall@1: 0.0128 (1.28%)
  recall@5: 0.0446 (4.46%)
  recall@10: 0.0734 (7.34%)
  map@1000: 0.0348 (3.48%)
[MMLImageDataset] split=query, modality=satellite, images=1000, landmarks=1000
[MMLImageDataset] split=query, modality=ground, images=18688, landmarks=1000
[MMLImageDataset] split=index, modality=ground, images=714554, landmarks=714554
[Eval] gallery ground: query=18688 + index=714554 = 733242

============================================================
Evaluating S2G retrieval
============================================================
Embedding queries...
  → 1000 query embeddings, 1000 unique landmarks
Embedding index...
  → 733242 index embeddings, 1001 unique landmarks
Computing metrics...
  recall@1: 0.0060 (0.60%)
  recall@5: 0.0200 (2.00%)
  recall@10: 0.0260 (2.60%)
  map@1000: 0.0039 (0.39%)
  → New best! g2s_recall@1=0.0128, saved to checkpoints/crossview/cv_v2_base_20260420_120027/best.pt
[HardNeg] Epoch 3: phase=gps
Epoch   3/35 | loss=2.9067 | diag=0.3821 | offdiag=0.1693 | margin=0.2128 | acc=0.227 | temp=0.0700 | lr=0.000100 | time=609.9s
[MMLImageDataset] split=query, modality=ground, images=18688, landmarks=1000
[MMLImageDataset] split=query, modality=satellite, images=1000, landmarks=1000
[MMLImageDataset] split=index, modality=satellite, images=99539, landmarks=99539
[Eval] gallery satellite: query=1000 + index=99539 = 100539

============================================================
Evaluating G2S retrieval
============================================================
Embedding queries...
  → 18688 query embeddings, 1000 unique landmarks
Embedding index...
  → 100539 index embeddings, 1001 unique landmarks
Computing metrics...
  recall@1: 0.0273 (2.73%)
  recall@5: 0.0800 (8.00%)
  recall@10: 0.1133 (11.33%)
  map@1000: 0.0580 (5.80%)
[MMLImageDataset] split=query, modality=satellite, images=1000, landmarks=1000
[MMLImageDataset] split=query, modality=ground, images=18688, landmarks=1000
[MMLImageDataset] split=index, modality=ground, images=714554, landmarks=714554
[Eval] gallery ground: query=18688 + index=714554 = 733242

============================================================
Evaluating S2G retrieval
============================================================
Embedding queries...
  → 1000 query embeddings, 1000 unique landmarks
Embedding index...
  → 733242 index embeddings, 1001 unique landmarks
Computing metrics...
  recall@1: 0.0070 (0.70%)
  recall@5: 0.0210 (2.10%)
  recall@10: 0.0450 (4.50%)
  map@1000: 0.0068 (0.68%)
  → New best! g2s_recall@1=0.0273, saved to checkpoints/crossview/cv_v2_base_20260420_120027/best.pt
[HardNeg] Epoch 4: phase=gps
Epoch   4/35 | loss=2.6981 | diag=0.4034 | offdiag=0.1567 | margin=0.2467 | acc=0.277 | temp=0.0696 | lr=0.000100 | time=606.8s
[MMLImageDataset] split=query, modality=ground, images=18688, landmarks=1000
[MMLImageDataset] split=query, modality=satellite, images=1000, landmarks=1000
[MMLImageDataset] split=index, modality=satellite, images=99539, landmarks=99539
[Eval] gallery satellite: query=1000 + index=99539 = 100539

============================================================
Evaluating G2S retrieval
============================================================
Embedding queries...
  → 18688 query embeddings, 1000 unique landmarks
Embedding index...
  → 100539 index embeddings, 1001 unique landmarks
Computing metrics...
  recall@1: 0.0322 (3.22%)
  recall@5: 0.1032 (10.32%)
  recall@10: 0.1484 (14.84%)
  map@1000: 0.0723 (7.23%)
[MMLImageDataset] split=query, modality=satellite, images=1000, landmarks=1000
[MMLImageDataset] split=query, modality=ground, images=18688, landmarks=1000
[MMLImageDataset] split=index, modality=ground, images=714554, landmarks=714554
[Eval] gallery ground: query=18688 + index=714554 = 733242

============================================================
Evaluating S2G retrieval
============================================================
Embedding queries...
  → 1000 query embeddings, 1000 unique landmarks
Embedding index...
  → 733242 index embeddings, 1001 unique landmarks
Computing metrics...
  recall@1: 0.0100 (1.00%)
  recall@5: 0.0320 (3.20%)
  recall@10: 0.0560 (5.60%)
  map@1000: 0.0086 (0.86%)
  → New best! g2s_recall@1=0.0322, saved to checkpoints/crossview/cv_v2_base_20260420_120027/best.pt
[HardNeg] Rebuilding DSS neighbor table (epoch 5)...
[HardNeg] DSS neighbor table: (17557, 64)
[HardNeg] Epoch 5: phase=dss
Epoch   5/35 | loss=2.8441 | diag=0.4537 | offdiag=0.2188 | margin=0.2349 | acc=0.268 | temp=0.0691 | lr=0.000099 | time=762.8s
[MMLImageDataset] split=query, modality=ground, images=18688, landmarks=1000
[MMLImageDataset] split=query, modality=satellite, images=1000, landmarks=1000
[MMLImageDataset] split=index, modality=satellite, images=99539, landmarks=99539
[Eval] gallery satellite: query=1000 + index=99539 = 100539

============================================================
Evaluating G2S retrieval
============================================================
Embedding queries...
  → 18688 query embeddings, 1000 unique landmarks
Embedding index...
  → 100539 index embeddings, 1001 unique landmarks
Computing metrics...
  recall@1: 0.0361 (3.61%)
  recall@5: 0.1040 (10.40%)
  recall@10: 0.1481 (14.81%)
  map@1000: 0.0750 (7.50%)
[MMLImageDataset] split=query, modality=satellite, images=1000, landmarks=1000
[MMLImageDataset] split=query, modality=ground, images=18688, landmarks=1000
[MMLImageDataset] split=index, modality=ground, images=714554, landmarks=714554
[Eval] gallery ground: query=18688 + index=714554 = 733242

============================================================
Evaluating S2G retrieval
============================================================
Embedding queries...
  → 1000 query embeddings, 1000 unique landmarks
Embedding index...
  → 733242 index embeddings, 1001 unique landmarks
Computing metrics...
  recall@1: 0.0050 (0.50%)
  recall@5: 0.0390 (3.90%)
  recall@10: 0.0710 (7.10%)
  map@1000: 0.0084 (0.84%)
  → New best! g2s_recall@1=0.0361, saved to checkpoints/crossview/cv_v2_base_20260420_120027/best.pt
[HardNeg] Rebuilding DSS neighbor table (epoch 6)...
[HardNeg] DSS neighbor table: (17557, 64)
[HardNeg] Epoch 6: phase=dss
Epoch   6/35 | loss=2.7527 | diag=0.4438 | offdiag=0.1964 | margin=0.2474 | acc=0.294 | temp=0.0685 | lr=0.000098 | time=727.6s
[MMLImageDataset] split=query, modality=ground, images=18688, landmarks=1000
[MMLImageDataset] split=query, modality=satellite, images=1000, landmarks=1000
[MMLImageDataset] split=index, modality=satellite, images=99539, landmarks=99539
[Eval] gallery satellite: query=1000 + index=99539 = 100539

============================================================
Evaluating G2S retrieval
============================================================
Embedding queries...
  → 18688 query embeddings, 1000 unique landmarks
Embedding index...
  → 100539 index embeddings, 1001 unique landmarks
Computing metrics...
  recall@1: 0.0393 (3.93%)
  recall@5: 0.1127 (11.27%)
  recall@10: 0.1639 (16.39%)
  map@1000: 0.0810 (8.10%)
[MMLImageDataset] split=query, modality=satellite, images=1000, landmarks=1000
[MMLImageDataset] split=query, modality=ground, images=18688, landmarks=1000
[MMLImageDataset] split=index, modality=ground, images=714554, landmarks=714554
[Eval] gallery ground: query=18688 + index=714554 = 733242

============================================================
Evaluating S2G retrieval
============================================================
Embedding queries...
  → 1000 query embeddings, 1000 unique landmarks
Embedding index...
  → 733242 index embeddings, 1001 unique landmarks
Computing metrics...
  recall@1: 0.0110 (1.10%)
  recall@5: 0.0450 (4.50%)
  recall@10: 0.0720 (7.20%)
  map@1000: 0.0092 (0.92%)
  → New best! g2s_recall@1=0.0393, saved to checkpoints/crossview/cv_v2_base_20260420_120027/best.pt
[HardNeg] Rebuilding DSS neighbor table (epoch 7)...
[HardNeg] DSS neighbor table: (17557, 64)
[HardNeg] Epoch 7: phase=dss
Epoch   7/35 | loss=2.6524 | diag=0.4398 | offdiag=0.1812 | margin=0.2586 | acc=0.317 | temp=0.0677 | lr=0.000096 | time=770.3s
[MMLImageDataset] split=query, modality=ground, images=18688, landmarks=1000
[MMLImageDataset] split=query, modality=satellite, images=1000, landmarks=1000
[MMLImageDataset] split=index, modality=satellite, images=99539, landmarks=99539
[Eval] gallery satellite: query=1000 + index=99539 = 100539

============================================================
Evaluating G2S retrieval
============================================================
Embedding queries...
  → 18688 query embeddings, 1000 unique landmarks
Embedding index...
  → 100539 index embeddings, 1001 unique landmarks
Computing metrics...
  recall@1: 0.0405 (4.05%)
  recall@5: 0.1196 (11.96%)
  recall@10: 0.1706 (17.06%)
  map@1000: 0.0842 (8.42%)
[MMLImageDataset] split=query, modality=satellite, images=1000, landmarks=1000
[MMLImageDataset] split=query, modality=ground, images=18688, landmarks=1000
[MMLImageDataset] split=index, modality=ground, images=714554, landmarks=714554
[Eval] gallery ground: query=18688 + index=714554 = 733242

============================================================
Evaluating S2G retrieval
============================================================
Embedding queries...
  → 1000 query embeddings, 1000 unique landmarks
Embedding index...
  → 733242 index embeddings, 1001 unique landmarks
Computing metrics...
  recall@1: 0.0150 (1.50%)
  recall@5: 0.0580 (5.80%)
  recall@10: 0.0900 (9.00%)
  map@1000: 0.0108 (1.08%)
  → New best! g2s_recall@1=0.0405, saved to checkpoints/crossview/cv_v2_base_20260420_120027/best.pt
[HardNeg] Rebuilding DSS neighbor table (epoch 8)...
[HardNeg] DSS neighbor table: (17557, 64)
[HardNeg] Epoch 8: phase=dss
Epoch   8/35 | loss=2.5565 | diag=0.4499 | offdiag=0.1750 | margin=0.2749 | acc=0.339 | temp=0.0667 | lr=0.000094 | time=766.6s
[MMLImageDataset] split=query, modality=ground, images=18688, landmarks=1000
[MMLImageDataset] split=query, modality=satellite, images=1000, landmarks=1000
[MMLImageDataset] split=index, modality=satellite, images=99539, landmarks=99539
[Eval] gallery satellite: query=1000 + index=99539 = 100539

============================================================
Evaluating G2S retrieval
============================================================
Embedding queries...
  → 18688 query embeddings, 1000 unique landmarks
Embedding index...
  → 100539 index embeddings, 1001 unique landmarks
Computing metrics...
  recall@1: 0.0463 (4.63%)
  recall@5: 0.1347 (13.47%)
  recall@10: 0.1878 (18.78%)
  map@1000: 0.0937 (9.37%)
[MMLImageDataset] split=query, modality=satellite, images=1000, landmarks=1000
[MMLImageDataset] split=query, modality=ground, images=18688, landmarks=1000
[MMLImageDataset] split=index, modality=ground, images=714554, landmarks=714554
[Eval] gallery ground: query=18688 + index=714554 = 733242

============================================================
Evaluating S2G retrieval
============================================================
Embedding queries...
  → 1000 query embeddings, 1000 unique landmarks
Embedding index...
  → 733242 index embeddings, 1001 unique landmarks
Computing metrics...
  recall@1: 0.0230 (2.30%)
  recall@5: 0.0720 (7.20%)
  recall@10: 0.1260 (12.60%)
  map@1000: 0.0162 (1.62%)
  → New best! g2s_recall@1=0.0463, saved to checkpoints/crossview/cv_v2_base_20260420_120027/best.pt
[HardNeg] Rebuilding DSS neighbor table (epoch 9)...
[HardNeg] DSS neighbor table: (17557, 64)
[HardNeg] Epoch 9: phase=dss
Epoch   9/35 | loss=2.4770 | diag=0.4454 | offdiag=0.1657 | margin=0.2797 | acc=0.361 | temp=0.0656 | lr=0.000092 | time=765.9s
[MMLImageDataset] split=query, modality=ground, images=18688, landmarks=1000
[MMLImageDataset] split=query, modality=satellite, images=1000, landmarks=1000
[MMLImageDataset] split=index, modality=satellite, images=99539, landmarks=99539
[Eval] gallery satellite: query=1000 + index=99539 = 100539

============================================================
Evaluating G2S retrieval
============================================================
Embedding queries...
  → 18688 query embeddings, 1000 unique landmarks
Embedding index...
  → 100539 index embeddings, 1001 unique landmarks
Computing metrics...
  recall@1: 0.0397 (3.97%)
  recall@5: 0.1236 (12.36%)
  recall@10: 0.1722 (17.22%)
  map@1000: 0.0846 (8.46%)
[MMLImageDataset] split=query, modality=satellite, images=1000, landmarks=1000
[MMLImageDataset] split=query, modality=ground, images=18688, landmarks=1000
[MMLImageDataset] split=index, modality=ground, images=714554, landmarks=714554
[Eval] gallery ground: query=18688 + index=714554 = 733242

============================================================
Evaluating S2G retrieval
============================================================
Embedding queries...
  → 1000 query embeddings, 1000 unique landmarks
Embedding index...
  → 733242 index embeddings, 1001 unique landmarks
Computing metrics...
  recall@1: 0.0230 (2.30%)
  recall@5: 0.0710 (7.10%)
  recall@10: 0.1150 (11.50%)
  map@1000: 0.0136 (1.36%)
[HardNeg] Rebuilding DSS neighbor table (epoch 10)...
[HardNeg] DSS neighbor table: (17557, 64)
[HardNeg] Epoch 10: phase=dss
Epoch  10/35 | loss=2.3922 | diag=0.4383 | offdiag=0.1529 | margin=0.2854 | acc=0.386 | temp=0.0645 | lr=0.000089 | time=780.1s
[MMLImageDataset] split=query, modality=ground, images=18688, landmarks=1000
[MMLImageDataset] split=query, modality=satellite, images=1000, landmarks=1000
[MMLImageDataset] split=index, modality=satellite, images=99539, landmarks=99539
[Eval] gallery satellite: query=1000 + index=99539 = 100539

============================================================
Evaluating G2S retrieval
============================================================
Embedding queries...
  → 18688 query embeddings, 1000 unique landmarks
Embedding index...
  → 100539 index embeddings, 1001 unique landmarks
Computing metrics...
  recall@1: 0.0498 (4.98%)
  recall@5: 0.1346 (13.46%)
  recall@10: 0.1847 (18.47%)
  map@1000: 0.0954 (9.54%)
[MMLImageDataset] split=query, modality=satellite, images=1000, landmarks=1000
[MMLImageDataset] split=query, modality=ground, images=18688, landmarks=1000
[MMLImageDataset] split=index, modality=ground, images=714554, landmarks=714554
[Eval] gallery ground: query=18688 + index=714554 = 733242

============================================================
Evaluating S2G retrieval
============================================================
Embedding queries...
  → 1000 query embeddings, 1000 unique landmarks
Embedding index...
  → 733242 index embeddings, 1001 unique landmarks
Computing metrics...
  recall@1: 0.0180 (1.80%)
  recall@5: 0.0750 (7.50%)
  recall@10: 0.1220 (12.20%)
  map@1000: 0.0149 (1.49%)
  → New best! g2s_recall@1=0.0498, saved to checkpoints/crossview/cv_v2_base_20260420_120027/best.pt
[HardNeg] Rebuilding DSS neighbor table (epoch 11)...
[HardNeg] DSS neighbor table: (17557, 64)
[HardNeg] Epoch 11: phase=dss
Epoch  11/35 | loss=2.3334 | diag=0.4288 | offdiag=0.1421 | margin=0.2867 | acc=0.399 | temp=0.0634 | lr=0.000086 | time=774.4s
[MMLImageDataset] split=query, modality=ground, images=18688, landmarks=1000
[MMLImageDataset] split=query, modality=satellite, images=1000, landmarks=1000
[MMLImageDataset] split=index, modality=satellite, images=99539, landmarks=99539
[Eval] gallery satellite: query=1000 + index=99539 = 100539

============================================================
Evaluating G2S retrieval
============================================================
Embedding queries...
  → 18688 query embeddings, 1000 unique landmarks
Embedding index...
  → 100539 index embeddings, 1001 unique landmarks
Computing metrics...
  recall@1: 0.0549 (5.49%)
  recall@5: 0.1450 (14.50%)
  recall@10: 0.1993 (19.93%)
  map@1000: 0.1034 (10.34%)
[MMLImageDataset] split=query, modality=satellite, images=1000, landmarks=1000
[MMLImageDataset] split=query, modality=ground, images=18688, landmarks=1000
[MMLImageDataset] split=index, modality=ground, images=714554, landmarks=714554
[Eval] gallery ground: query=18688 + index=714554 = 733242

============================================================
Evaluating S2G retrieval
============================================================
Embedding queries...
  → 1000 query embeddings, 1000 unique landmarks
Embedding index...
  → 733242 index embeddings, 1001 unique landmarks
Computing metrics...
  recall@1: 0.0280 (2.80%)
  recall@5: 0.0980 (9.80%)
  recall@10: 0.1520 (15.20%)
  map@1000: 0.0186 (1.86%)
  → New best! g2s_recall@1=0.0549, saved to checkpoints/crossview/cv_v2_base_20260420_120027/best.pt
[HardNeg] Rebuilding DSS neighbor table (epoch 12)...
[HardNeg] DSS neighbor table: (17557, 64)
[HardNeg] Epoch 12: phase=dss
Epoch  12/35 | loss=2.2716 | diag=0.4335 | offdiag=0.1402 | margin=0.2933 | acc=0.416 | temp=0.0623 | lr=0.000082 | time=770.9s
[MMLImageDataset] split=query, modality=ground, images=18688, landmarks=1000
[MMLImageDataset] split=query, modality=satellite, images=1000, landmarks=1000
[MMLImageDataset] split=index, modality=satellite, images=99539, landmarks=99539
[Eval] gallery satellite: query=1000 + index=99539 = 100539

============================================================
Evaluating G2S retrieval
============================================================
Embedding queries...
  → 18688 query embeddings, 1000 unique landmarks
Embedding index...
  → 100539 index embeddings, 1001 unique landmarks
Computing metrics...
  recall@1: 0.0505 (5.05%)
  recall@5: 0.1411 (14.11%)
  recall@10: 0.1931 (19.31%)
  map@1000: 0.0981 (9.81%)
[MMLImageDataset] split=query, modality=satellite, images=1000, landmarks=1000
[MMLImageDataset] split=query, modality=ground, images=18688, landmarks=1000
[MMLImageDataset] split=index, modality=ground, images=714554, landmarks=714554
[Eval] gallery ground: query=18688 + index=714554 = 733242

============================================================
Evaluating S2G retrieval
============================================================
Embedding queries...
  → 1000 query embeddings, 1000 unique landmarks
Embedding index...
  → 733242 index embeddings, 1001 unique landmarks
Computing metrics...
  recall@1: 0.0250 (2.50%)
  recall@5: 0.0930 (9.30%)
  recall@10: 0.1450 (14.50%)
  map@1000: 0.0178 (1.78%)
[HardNeg] Rebuilding DSS neighbor table (epoch 13)...
[HardNeg] DSS neighbor table: (17557, 64)
[HardNeg] Epoch 13: phase=dss
Epoch  13/35 | loss=2.1761 | diag=0.4286 | offdiag=0.1288 | margin=0.2998 | acc=0.444 | temp=0.0611 | lr=0.000078 | time=734.9s
[MMLImageDataset] split=query, modality=ground, images=18688, landmarks=1000
[MMLImageDataset] split=query, modality=satellite, images=1000, landmarks=1000
[MMLImageDataset] split=index, modality=satellite, images=99539, landmarks=99539
[Eval] gallery satellite: query=1000 + index=99539 = 100539

============================================================
Evaluating G2S retrieval
============================================================
Embedding queries...
  → 18688 query embeddings, 1000 unique landmarks
Embedding index...
  → 100539 index embeddings, 1001 unique landmarks
Computing metrics...
  recall@1: 0.0578 (5.78%)
  recall@5: 0.1537 (15.37%)
  recall@10: 0.2146 (21.46%)
  map@1000: 0.1093 (10.93%)
[MMLImageDataset] split=query, modality=satellite, images=1000, landmarks=1000
[MMLImageDataset] split=query, modality=ground, images=18688, landmarks=1000
[MMLImageDataset] split=index, modality=ground, images=714554, landmarks=714554
[Eval] gallery ground: query=18688 + index=714554 = 733242

============================================================
Evaluating S2G retrieval
============================================================
Embedding queries...
  → 1000 query embeddings, 1000 unique landmarks
Embedding index...
  → 733242 index embeddings, 1001 unique landmarks
Computing metrics...
  recall@1: 0.0350 (3.50%)
  recall@5: 0.1070 (10.70%)
  recall@10: 0.1650 (16.50%)
  map@1000: 0.0201 (2.01%)
  → New best! g2s_recall@1=0.0578, saved to checkpoints/crossview/cv_v2_base_20260420_120027/best.pt
[HardNeg] Rebuilding DSS neighbor table (epoch 14)...
[HardNeg] DSS neighbor table: (17557, 64)
[HardNeg] Epoch 14: phase=dss
Epoch  14/35 | loss=2.1254 | diag=0.4317 | offdiag=0.1279 | margin=0.3038 | acc=0.455 | temp=0.0601 | lr=0.000074 | time=731.4s
[MMLImageDataset] split=query, modality=ground, images=18688, landmarks=1000
[MMLImageDataset] split=query, modality=satellite, images=1000, landmarks=1000
[MMLImageDataset] split=index, modality=satellite, images=99539, landmarks=99539
[Eval] gallery satellite: query=1000 + index=99539 = 100539

============================================================
Evaluating G2S retrieval
============================================================
Embedding queries...
  → 18688 query embeddings, 1000 unique landmarks
Embedding index...
  → 100539 index embeddings, 1001 unique landmarks
Computing metrics...
  recall@1: 0.0534 (5.34%)
  recall@5: 0.1451 (14.51%)
  recall@10: 0.2011 (20.11%)
  map@1000: 0.1027 (10.27%)
[MMLImageDataset] split=query, modality=satellite, images=1000, landmarks=1000
[MMLImageDataset] split=query, modality=ground, images=18688, landmarks=1000
[MMLImageDataset] split=index, modality=ground, images=714554, landmarks=714554
[Eval] gallery ground: query=18688 + index=714554 = 733242

============================================================
Evaluating S2G retrieval
============================================================
Embedding queries...
  → 1000 query embeddings, 1000 unique landmarks
Embedding index...
  → 733242 index embeddings, 1001 unique landmarks
Computing metrics...
  recall@1: 0.0300 (3.00%)
  recall@5: 0.1030 (10.30%)
  recall@10: 0.1530 (15.30%)
  map@1000: 0.0182 (1.82%)
[HardNeg] Rebuilding DSS neighbor table (epoch 15)...
[HardNeg] DSS neighbor table: (17557, 64)
[HardNeg] Epoch 15: phase=dss
Epoch  15/35 | loss=2.0436 | diag=0.4304 | offdiag=0.1224 | margin=0.3080 | acc=0.478 | temp=0.0591 | lr=0.000069 | time=735.7s
[MMLImageDataset] split=query, modality=ground, images=18688, landmarks=1000
[MMLImageDataset] split=query, modality=satellite, images=1000, landmarks=1000
[MMLImageDataset] split=index, modality=satellite, images=99539, landmarks=99539
[Eval] gallery satellite: query=1000 + index=99539 = 100539

============================================================
Evaluating G2S retrieval
============================================================
Embedding queries...
  → 18688 query embeddings, 1000 unique landmarks
Embedding index...
  → 100539 index embeddings, 1001 unique landmarks
Computing metrics...
  recall@1: 0.0614 (6.14%)
  recall@5: 0.1658 (16.58%)
  recall@10: 0.2265 (22.65%)
  map@1000: 0.1157 (11.57%)
[MMLImageDataset] split=query, modality=satellite, images=1000, landmarks=1000
[MMLImageDataset] split=query, modality=ground, images=18688, landmarks=1000
[MMLImageDataset] split=index, modality=ground, images=714554, landmarks=714554
[Eval] gallery ground: query=18688 + index=714554 = 733242

============================================================
Evaluating S2G retrieval
============================================================
Embedding queries...
  → 1000 query embeddings, 1000 unique landmarks
Embedding index...
  → 733242 index embeddings, 1001 unique landmarks
Computing metrics...
  recall@1: 0.0380 (3.80%)
  recall@5: 0.1090 (10.90%)
  recall@10: 0.1560 (15.60%)
  map@1000: 0.0225 (2.25%)
  → New best! g2s_recall@1=0.0614, saved to checkpoints/crossview/cv_v2_base_20260420_120027/best.pt
[HardNeg] Rebuilding DSS neighbor table (epoch 16)...
[HardNeg] DSS neighbor table: (17557, 64)
[HardNeg] Epoch 16: phase=dss
Epoch  16/35 | loss=1.9651 | diag=0.4308 | offdiag=0.1174 | margin=0.3134 | acc=0.498 | temp=0.0581 | lr=0.000065 | time=735.5s
[MMLImageDataset] split=query, modality=ground, images=18688, landmarks=1000
[MMLImageDataset] split=query, modality=satellite, images=1000, landmarks=1000
[MMLImageDataset] split=index, modality=satellite, images=99539, landmarks=99539
[Eval] gallery satellite: query=1000 + index=99539 = 100539

============================================================
Evaluating G2S retrieval
============================================================
Embedding queries...
  → 18688 query embeddings, 1000 unique landmarks
Embedding index...
  → 100539 index embeddings, 1001 unique landmarks
Computing metrics...
  recall@1: 0.0632 (6.32%)
  recall@5: 0.1672 (16.72%)
  recall@10: 0.2276 (22.76%)
  map@1000: 0.1177 (11.77%)
[MMLImageDataset] split=query, modality=satellite, images=1000, landmarks=1000
[MMLImageDataset] split=query, modality=ground, images=18688, landmarks=1000
[MMLImageDataset] split=index, modality=ground, images=714554, landmarks=714554
[Eval] gallery ground: query=18688 + index=714554 = 733242

============================================================
Evaluating S2G retrieval
============================================================
Embedding queries...
  → 1000 query embeddings, 1000 unique landmarks
Embedding index...
  → 733242 index embeddings, 1001 unique landmarks
Computing metrics...
  recall@1: 0.0440 (4.40%)
  recall@5: 0.1160 (11.60%)
  recall@10: 0.1650 (16.50%)
  map@1000: 0.0223 (2.23%)
  → New best! g2s_recall@1=0.0632, saved to checkpoints/crossview/cv_v2_base_20260420_120027/best.pt
[HardNeg] Rebuilding DSS neighbor table (epoch 17)...
[HardNeg] DSS neighbor table: (17557, 64)
[HardNeg] Epoch 17: phase=dss
Epoch  17/35 | loss=1.9214 | diag=0.4304 | offdiag=0.1146 | margin=0.3158 | acc=0.504 | temp=0.0572 | lr=0.000060 | time=743.4s
[MMLImageDataset] split=query, modality=ground, images=18688, landmarks=1000
[MMLImageDataset] split=query, modality=satellite, images=1000, landmarks=1000
[MMLImageDataset] split=index, modality=satellite, images=99539, landmarks=99539
[Eval] gallery satellite: query=1000 + index=99539 = 100539

============================================================
Evaluating G2S retrieval
============================================================
Embedding queries...
  → 18688 query embeddings, 1000 unique landmarks
Embedding index...
  → 100539 index embeddings, 1001 unique landmarks
Computing metrics...
  recall@1: 0.0648 (6.48%)
  recall@5: 0.1698 (16.98%)
  recall@10: 0.2266 (22.66%)
  map@1000: 0.1191 (11.91%)
[MMLImageDataset] split=query, modality=satellite, images=1000, landmarks=1000
[MMLImageDataset] split=query, modality=ground, images=18688, landmarks=1000
[MMLImageDataset] split=index, modality=ground, images=714554, landmarks=714554
[Eval] gallery ground: query=18688 + index=714554 = 733242

============================================================
Evaluating S2G retrieval
============================================================
Embedding queries...
  → 1000 query embeddings, 1000 unique landmarks
Embedding index...
  → 733242 index embeddings, 1001 unique landmarks
Computing metrics...
  recall@1: 0.0450 (4.50%)
  recall@5: 0.1200 (12.00%)
  recall@10: 0.1620 (16.20%)
  map@1000: 0.0224 (2.24%)
  → New best! g2s_recall@1=0.0648, saved to checkpoints/crossview/cv_v2_base_20260420_120027/best.pt
[HardNeg] Rebuilding DSS neighbor table (epoch 18)...
[HardNeg] DSS neighbor table: (17557, 64)
[HardNeg] Epoch 18: phase=dss
Epoch  18/35 | loss=1.8857 | diag=0.4319 | offdiag=0.1159 | margin=0.3160 | acc=0.516 | temp=0.0564 | lr=0.000055 | time=740.0s
[MMLImageDataset] split=query, modality=ground, images=18688, landmarks=1000
[MMLImageDataset] split=query, modality=satellite, images=1000, landmarks=1000
[MMLImageDataset] split=index, modality=satellite, images=99539, landmarks=99539
[Eval] gallery satellite: query=1000 + index=99539 = 100539

============================================================
Evaluating G2S retrieval
============================================================
Embedding queries...
  → 18688 query embeddings, 1000 unique landmarks
Embedding index...
  → 100539 index embeddings, 1001 unique landmarks
Computing metrics...
  recall@1: 0.0679 (6.79%)
  recall@5: 0.1763 (17.63%)
  recall@10: 0.2407 (24.07%)
  map@1000: 0.1243 (12.43%)
[MMLImageDataset] split=query, modality=satellite, images=1000, landmarks=1000
[MMLImageDataset] split=query, modality=ground, images=18688, landmarks=1000
[MMLImageDataset] split=index, modality=ground, images=714554, landmarks=714554
[Eval] gallery ground: query=18688 + index=714554 = 733242

============================================================
Evaluating S2G retrieval
============================================================
Embedding queries...
  → 1000 query embeddings, 1000 unique landmarks
Embedding index...
  → 733242 index embeddings, 1001 unique landmarks
Computing metrics...
  recall@1: 0.0380 (3.80%)
  recall@5: 0.1230 (12.30%)
  recall@10: 0.1840 (18.40%)
  map@1000: 0.0237 (2.37%)
  → New best! g2s_recall@1=0.0679, saved to checkpoints/crossview/cv_v2_base_20260420_120027/best.pt
[HardNeg] Rebuilding DSS neighbor table (epoch 19)...
[HardNeg] DSS neighbor table: (17557, 64)
[HardNeg] Epoch 19: phase=dss
Epoch  19/35 | loss=1.8109 | diag=0.4335 | offdiag=0.1104 | margin=0.3231 | acc=0.529 | temp=0.0556 | lr=0.000050 | time=736.2s
[MMLImageDataset] split=query, modality=ground, images=18688, landmarks=1000
[MMLImageDataset] split=query, modality=satellite, images=1000, landmarks=1000
[MMLImageDataset] split=index, modality=satellite, images=99539, landmarks=99539
[Eval] gallery satellite: query=1000 + index=99539 = 100539

============================================================
Evaluating G2S retrieval
============================================================
Embedding queries...
  → 18688 query embeddings, 1000 unique landmarks
Embedding index...
  → 100539 index embeddings, 1001 unique landmarks
Computing metrics...
  recall@1: 0.0706 (7.06%)
  recall@5: 0.1758 (17.58%)
  recall@10: 0.2322 (23.22%)
  map@1000: 0.1253 (12.53%)
[MMLImageDataset] split=query, modality=satellite, images=1000, landmarks=1000
[MMLImageDataset] split=query, modality=ground, images=18688, landmarks=1000
[MMLImageDataset] split=index, modality=ground, images=714554, landmarks=714554
[Eval] gallery ground: query=18688 + index=714554 = 733242

============================================================
Evaluating S2G retrieval
============================================================
Embedding queries...
  → 1000 query embeddings, 1000 unique landmarks
Embedding index...
  → 733242 index embeddings, 1001 unique landmarks
Computing metrics...
  recall@1: 0.0290 (2.90%)
  recall@5: 0.1340 (13.40%)
  recall@10: 0.1870 (18.70%)
  map@1000: 0.0226 (2.26%)
  → New best! g2s_recall@1=0.0706, saved to checkpoints/crossview/cv_v2_base_20260420_120027/best.pt
[HardNeg] Rebuilding DSS neighbor table (epoch 20)...
[HardNeg] DSS neighbor table: (17557, 64)
[HardNeg] Epoch 20: phase=dss
Epoch  20/35 | loss=1.7541 | diag=0.4289 | offdiag=0.1054 | margin=0.3235 | acc=0.553 | temp=0.0549 | lr=0.000046 | time=739.1s
[MMLImageDataset] split=query, modality=ground, images=18688, landmarks=1000
[MMLImageDataset] split=query, modality=satellite, images=1000, landmarks=1000
[MMLImageDataset] split=index, modality=satellite, images=99539, landmarks=99539
[Eval] gallery satellite: query=1000 + index=99539 = 100539

============================================================
Evaluating G2S retrieval
============================================================
Embedding queries...
  → 18688 query embeddings, 1000 unique landmarks
Embedding index...
  → 100539 index embeddings, 1001 unique landmarks
Computing metrics...
  recall@1: 0.0684 (6.84%)
  recall@5: 0.1795 (17.95%)
  recall@10: 0.2380 (23.80%)
  map@1000: 0.1251 (12.51%)
[MMLImageDataset] split=query, modality=satellite, images=1000, landmarks=1000
[MMLImageDataset] split=query, modality=ground, images=18688, landmarks=1000
[MMLImageDataset] split=index, modality=ground, images=714554, landmarks=714554
[Eval] gallery ground: query=18688 + index=714554 = 733242

============================================================
Evaluating S2G retrieval
============================================================
Embedding queries...
  → 1000 query embeddings, 1000 unique landmarks
Embedding index...
  → 733242 index embeddings, 1001 unique landmarks
Computing metrics...
  recall@1: 0.0420 (4.20%)
  recall@5: 0.1330 (13.30%)
  recall@10: 0.1830 (18.30%)
  map@1000: 0.0233 (2.33%)
[HardNeg] Rebuilding DSS neighbor table (epoch 21)...
[HardNeg] DSS neighbor table: (17557, 64)
[HardNeg] Epoch 21: phase=dss
Epoch  21/35 | loss=1.6811 | diag=0.4345 | offdiag=0.1018 | margin=0.3327 | acc=0.569 | temp=0.0543 | lr=0.000041 | time=748.1s
[MMLImageDataset] split=query, modality=ground, images=18688, landmarks=1000
[MMLImageDataset] split=query, modality=satellite, images=1000, landmarks=1000
[MMLImageDataset] split=index, modality=satellite, images=99539, landmarks=99539
[Eval] gallery satellite: query=1000 + index=99539 = 100539

============================================================
Evaluating G2S retrieval
============================================================
Embedding queries...
  → 18688 query embeddings, 1000 unique landmarks
Embedding index...
  → 100539 index embeddings, 1001 unique landmarks
Computing metrics...
  recall@1: 0.0678 (6.78%)
  recall@5: 0.1757 (17.57%)
  recall@10: 0.2360 (23.60%)
  map@1000: 0.1235 (12.35%)
[MMLImageDataset] split=query, modality=satellite, images=1000, landmarks=1000
[MMLImageDataset] split=query, modality=ground, images=18688, landmarks=1000
[MMLImageDataset] split=index, modality=ground, images=714554, landmarks=714554
[Eval] gallery ground: query=18688 + index=714554 = 733242

============================================================
Evaluating S2G retrieval
============================================================
Embedding queries...
  → 1000 query embeddings, 1000 unique landmarks
Embedding index...
  → 733242 index embeddings, 1001 unique landmarks
Computing metrics...
  recall@1: 0.0430 (4.30%)
  recall@5: 0.1090 (10.90%)
  recall@10: 0.1700 (17.00%)
  map@1000: 0.0226 (2.26%)
[HardNeg] Rebuilding DSS neighbor table (epoch 22)...
[HardNeg] DSS neighbor table: (17557, 64)
[HardNeg] Epoch 22: phase=dss
Epoch  22/35 | loss=1.6560 | diag=0.4312 | offdiag=0.0998 | margin=0.3314 | acc=0.576 | temp=0.0538 | lr=0.000036 | time=742.2s
[MMLImageDataset] split=query, modality=ground, images=18688, landmarks=1000
[MMLImageDataset] split=query, modality=satellite, images=1000, landmarks=1000
[MMLImageDataset] split=index, modality=satellite, images=99539, landmarks=99539
[Eval] gallery satellite: query=1000 + index=99539 = 100539

============================================================
Evaluating G2S retrieval
============================================================
Embedding queries...
  → 18688 query embeddings, 1000 unique landmarks
Embedding index...
  → 100539 index embeddings, 1001 unique landmarks
Computing metrics...
  recall@1: 0.0695 (6.95%)
  recall@5: 0.1819 (18.19%)
  recall@10: 0.2403 (24.03%)
  map@1000: 0.1257 (12.57%)
[MMLImageDataset] split=query, modality=satellite, images=1000, landmarks=1000
[MMLImageDataset] split=query, modality=ground, images=18688, landmarks=1000
[MMLImageDataset] split=index, modality=ground, images=714554, landmarks=714554
[Eval] gallery ground: query=18688 + index=714554 = 733242

============================================================
Evaluating S2G retrieval
============================================================
Embedding queries...
  → 1000 query embeddings, 1000 unique landmarks
Embedding index...
  → 733242 index embeddings, 1001 unique landmarks
Computing metrics...
  recall@1: 0.0440 (4.40%)
  recall@5: 0.1230 (12.30%)
  recall@10: 0.1720 (17.20%)
  map@1000: 0.0240 (2.40%)
[HardNeg] Rebuilding DSS neighbor table (epoch 23)...
[HardNeg] DSS neighbor table: (17557, 64)
[HardNeg] Epoch 23: phase=dss
Epoch  23/35 | loss=1.6076 | diag=0.4297 | offdiag=0.0979 | margin=0.3317 | acc=0.591 | temp=0.0533 | lr=0.000032 | time=741.1s
[MMLImageDataset] split=query, modality=ground, images=18688, landmarks=1000
[MMLImageDataset] split=query, modality=satellite, images=1000, landmarks=1000
[MMLImageDataset] split=index, modality=satellite, images=99539, landmarks=99539
[Eval] gallery satellite: query=1000 + index=99539 = 100539

============================================================
Evaluating G2S retrieval
============================================================
Embedding queries...
  → 18688 query embeddings, 1000 unique landmarks
Embedding index...

------------------------------------------------------------
Sender: LSF System <lsfadmin@hpc.dtu.dk>
Subject: Job 28240741: <crossview_base> in cluster <dcc> Exited

Job <crossview_base> was submitted from host <hpclogin1> by user <s250778> in cluster <dcc> at Mon Apr 20 11:59:29 2026
Job was executed on host(s) <6*n-62-11-13>, in queue <gpuv100>, as user <s250778> in cluster <dcc> at Mon Apr 20 11:59:40 2026
</zhome/b0/c/220061> was used as the home directory.
</zhome/b0/c/220061/Multimodal-Geo-Spatial-Learning> was used as the working directory.
Started at Mon Apr 20 11:59:40 2026
Terminated at Tue Apr 21 12:00:52 2026
Results reported at Tue Apr 21 12:00:52 2026

Your job looked like:

------------------------------------------------------------
# LSBATCH: User input
#!/bin/bash
#BSUB -J crossview_base
#BSUB -q gpuv100
#BSUB -gpu "num=1:mode=exclusive_process"
# Require a 32GB V100 — convnext_base @ 256px does NOT fit on 16GB at batch=64.
#BSUB -R "select[gpu32gb]"
#BSUB -n 6
#BSUB -R "span[hosts=1] rusage[mem=32GB]"
#BSUB -W 24:00
#BSUB -o logs/crossview_base_%J.out
#BSUB -e logs/crossview_base_%J.err

mkdir -p logs
cd ~/Multimodal-Geo-Spatial-Learning

echo "Job started at $(date)"
echo "Running on $(hostname)"
nvidia-smi

uv run python -m mmgeo.crossview.train --config configs/crossview_convnext_base.yaml

echo "Job finished at $(date)"

------------------------------------------------------------

TERM_RUNLIMIT: job killed after reaching LSF run time limit.
Exited with exit code 140.

Resource usage summary:

    CPU time :                                   312354.00 sec.
    Max Memory :                                 12546 MB
    Average Memory :                             9764.18 MB
    Total Requested Memory :                     196608.00 MB
    Delta Memory :                               184062.00 MB
    Max Swap :                                   -
    Max Processes :                              17
    Max Threads :                                63
    Run time :                                   86472 sec.
    Turnaround time :                            86483 sec.

The output (if any) is above this job summary.



PS:

Read file <logs/crossview_base_28240741.err> for stderr output of this job.

