--------------------------------------------------
Job ID: 28292761 | Node: n-62-20-11 | Date: Sun Apr 26 14:58:08 CEST 2026
--------------------------------------------------
Sun Apr 26 14:58:08 2026       
+-----------------------------------------------------------------------------------------+
| NVIDIA-SMI 580.126.20             Driver Version: 580.126.20     CUDA Version: 13.0     |
+-----------------------------------------+------------------------+----------------------+
| GPU  Name                 Persistence-M | Bus-Id          Disp.A | Volatile Uncorr. ECC |
| Fan  Temp   Perf          Pwr:Usage/Cap |           Memory-Usage | GPU-Util  Compute M. |
|                                         |                        |               MIG M. |
|=========================================+========================+======================|
|   0  Tesla V100-SXM2-32GB           On  |   00000000:3A:00.0 Off |                    0 |
| N/A   36C    P0             44W /  300W |       0MiB /  32768MiB |      0%   E. Process |
|                                         |                        |                  N/A |
+-----------------------------------------+------------------------+----------------------+

+-----------------------------------------------------------------------------------------+
| Processes:                                                                              |
|  GPU   GI   CI              PID   Type   Process name                        GPU Memory |
|        ID   ID                                                               Usage      |
|=========================================================================================|
|  No running processes found                                                             |
+-----------------------------------------------------------------------------------------+
>>> Syncing environment with uv...
>>> Validating PyTorch CUDA...
PyTorch 2.5.1+cu121, CUDA available: True
GPU: Tesla V100-SXM2-32GB
>>> Running hybrid inference sweep...
[run_hybrid_inference] device=cuda
[run_hybrid_inference] radii_km=[10.0, inf]
[run_hybrid_inference] index_modes=['full']
[run_hybrid_inference] query_modes=['all']
[run_hybrid_inference] fallbacks=['fallback_full']
[HybridPipeline] loading GeoCLIP...
[HybridPipeline] GeoCLIP gallery source='index', size=99539
[HybridPipeline] loading Sample4Geo...
[CrossViewModel] backbone=convnext_base.fb_in22k, feature_dim=1024, embed_dim=1024, params=87.6M
[Sample4Geo] loaded models/zeroshot_convnext_base_384.pt (epoch=0, backbone=convnext_base.fb_in22k)
[Gallery] cache hit: outputs/hybrid_cache/sat_gallery_full.pt
[HybridPipeline] all ground queries: 18688
  [full/all] radius=10km fb=fallback_full mAP@1k=0.0788 R@1=0.0501 R@5=0.1016 R@10=0.1331 empty=0.000 mean_cand=125.9 rerank=0.06ms/q
  [full/all] radius=infkm fb=fallback_full mAP@1k=0.0216 R@1=0.0086 R@5=0.0258 R@10=0.0430 empty=0.000 mean_cand=100539.0 rerank=0.05ms/q

[full_sweep] wrote outputs/hybrid/results_28292761.json
[full_sweep] wrote outputs/hybrid/results_28292761.csv
Job finished at Sun Apr 26 15:12:39 CEST 2026

------------------------------------------------------------
Sender: LSF System <lsfadmin@hpc.dtu.dk>
Subject: Job 28292761: <hybrid_infer> in cluster <dcc> Done

Job <hybrid_infer> was submitted from host <hpclogin1> by user <s250219> in cluster <dcc> at Sun Apr 26 14:57:05 2026
Job was executed on host(s) <6*n-62-20-11>, in queue <gpuv100>, as user <s250219> in cluster <dcc> at Sun Apr 26 14:58:06 2026
</zhome/70/7/219373> was used as the home directory.
</zhome/70/7/219373/Multimodal-Geo-Spatial-Learning> was used as the working directory.
Started at Sun Apr 26 14:58:06 2026
Terminated at Sun Apr 26 15:12:39 2026
Results reported at Sun Apr 26 15:12:39 2026

Your job looked like:

------------------------------------------------------------
# LSBATCH: User input
#!/bin/bash
#BSUB -J hybrid_infer
#BSUB -q gpuv100
#BSUB -gpu "num=1:mode=exclusive_process"
#BSUB -R "select[gpu32gb]"
#BSUB -n 6
#BSUB -R "span[hosts=1] rusage[mem=24GB]"
#BSUB -W 24:00
#BSUB -o logs/hybrid_infer_%J.out
#BSUB -e logs/hybrid_infer_%J.err

set -e

mkdir -p logs outputs/hybrid outputs/hybrid_cache
cd ~/Multimodal-Geo-Spatial-Learning || { echo "Project directory not found"; exit 1; }

echo "--------------------------------------------------"
echo "Job ID: $LSB_JOBID | Node: $(hostname) | Date: $(date)"
echo "--------------------------------------------------"
nvidia-smi

echo ">>> Syncing environment with uv..."
uv sync

echo ">>> Validating PyTorch CUDA..."
uv run --no-sync python -c "
import torch
print(f'PyTorch {torch.__version__}, CUDA available: {torch.cuda.is_available()}')
assert torch.cuda.is_available(), 'CUDA unavailable'
print(f'GPU: {torch.cuda.get_device_name(0)}')
"

echo ">>> Running hybrid inference sweep..."
uv run --no-sync python scripts/run_hybrid_inference.py \
    --data-root data/MML_Data \
    --ckpt models/zeroshot_convnext_base_384.pt\
    --cache-dir outputs/hybrid_cache \
    --output outputs/hybrid/results_${LSB_JOBID}.json \
    --radii-km 10,inf \
    --index-modes  full \
    --query-modes  all \
    --fallbacks fallback_full \
    --num-workers 6 \
    --batch-size 128

echo "Job finished at $(date)"

------------------------------------------------------------

Successfully completed.

Resource usage summary:

    CPU time :                                   1190.00 sec.
    Max Memory :                                 3905 MB
    Average Memory :                             1936.62 MB
    Total Requested Memory :                     147456.00 MB
    Delta Memory :                               143551.00 MB
    Max Swap :                                   -
    Max Processes :                              11
    Max Threads :                                38
    Run time :                                   873 sec.
    Turnaround time :                            934 sec.

The output (if any) is above this job summary.



PS:

Read file <logs/hybrid_infer_28292761.err> for stderr output of this job.

